1CV8LOG_
0b6e51b4-1782-42cb-b1cc-e47304a65fdb

{20090727231555,N,
{0,0},1,1,1,1,1,I,"",0,
{"U"},""},
{20090727231605,N,
{0,0},1,1,1,1,2,I,"",0,
{"U"},""},
{20090727231607,N,
{0,0},1,1,1,1,1,I,"",0,
{"U"},""},
{20090727231630,N,
{0,0},1,1,2,2,1,I,"",0,
{"U"},""},
{20090727231639,C,
{2407a26c40670,116},1,1,2,2,3,I,"",0,
{"U"},""},
{20090727231639,U,
{2407a26c40670,116},1,1,2,2,4,I,"",1,
{"R",1:b733001167558f6911de7ad433268d79},"Иванов"},
{20090727231639,C,
{2407a26c40670,116},1,1,2,2,5,I,"",0,
{"U"},""},
{20090727231641,C,
{2407a26c45490,21a},1,1,2,2,3,I,"",0,
{"U"},""},
{20090727231641,U,
{2407a26c45490,21a},1,1,2,2,4,I,"",1,
{"R",1:b733001167558f6911de7ad433268d7a},"Петров"},
{20090727231641,C,
{2407a26c45490,21a},1,1,2,2,5,I,"",0,
{"U"},""},
{20090727231642,C,
{2407a26c47ba0,31e},1,1,2,2,3,I,"",0,
{"U"},""},
{20090727231642,U,
{2407a26c47ba0,31e},1,1,2,2,4,I,"",1,
{"R",1:b733001167558f6911de7ad433268d7b},"Сидоров"},
{20090727231642,C,
{2407a26c47ba0,31e},1,1,2,2,5,I,"",0,
{"U"},""},
{20090727231643,N,
{0,0},1,1,2,2,2,I,"",0,
{"U"},""},
{20090727232957,N,
{0,0},1,1,1,1,2,I,"",0,
{"U"},""},
{20090727233002,N,
{0,0},1,1,1,1,1,I,"",0,
{"U"},""},
{20090727233004,N,
{0,0},1,1,2,2,1,I,"",0,
{"U"},""},
{20090727233102,N,
{0,0},1,1,2,2,2,I,"",0,
{"U"},""},
{20090727233106,N,
{0,0},1,1,2,3,1,I,"",0,
{"U"},""},
{20090727233139,N,
{0,0},1,1,2,4,1,I,"",0,
{"U"},""},
{20090727233140,C,
{2407a274d81c0,5b3},1,1,2,4,3,I,"",0,
{"U"},""},
{20090727233140,U,
{2407a274d81c0,5b3},1,1,2,4,6,I,"",1,
{"R",1:b733001167558f6911de7ad433268d79},"Иванов"},
{20090727233140,U,
{2407a274d81c0,5b3},1,1,2,4,6,I,"",1,
{"R",1:b733001167558f6911de7ad433268d7a},"Петров"},
{20090727233140,U,
{2407a274d81c0,5b3},1,1,2,4,6,I,"",1,
{"R",1:b733001167558f6911de7ad433268d7b},"Сидоров"},
{20090727233140,C,
{2407a274d81c0,5b3},1,1,2,4,5,I,"",0,
{"U"},""},
{20090727233145,C,
{2407a274e4510,7a5},1,1,2,3,3,I,"",0,
{"U"},""},
{20090727233145,U,
{2407a274e4510,7a5},1,1,2,3,4,I,"",1,
{"R",1:b733001167558f6911de7ad433268d79},"Иванов"},
{20090727233145,C,
{2407a274e4510,7a5},1,1,2,3,5,I,"",0,
{"U"},""},
{20090727233146,C,
{2407a274e6c20,8a9},1,1,2,3,3,I,"",0,
{"U"},""},
{20090727233146,U,
{2407a274e6c20,8a9},1,1,2,3,4,I,"",1,
{"R",1:b733001167558f6911de7ad433268d7a},"Петров"},
{20090727233146,C,
{2407a274e6c20,8a9},1,1,2,3,5,I,"",0,
{"U"},""},
{20090727233146,C,
{2407a274e6c20,9ad},1,1,2,3,3,I,"",0,
{"U"},""},
{20090727233146,U,
{2407a274e6c20,9ad},1,1,2,3,4,I,"",1,
{"R",1:b733001167558f6911de7ad433268d7b},"Сидоров"},
{20090727233146,C,
{2407a274e6c20,9ad},1,1,2,3,5,I,"",0,
{"U"},""},
{20090727233201,N,
{0,0},1,1,2,4,2,I,"",0,
{"U"},""},
{20090727233203,N,
{0,0},1,1,2,5,1,I,"",0,
{"U"},""},
{20090727233203,C,
{2407a27510430,b25},1,1,2,5,3,I,"",0,
{"U"},""},
{20090727233203,U,
{2407a27510430,b25},1,1,2,5,6,I,"",1,
{"R",1:b733001167558f6911de7ad433268d79},"Иванов"},
{20090727233203,U,
{2407a27510430,b25},1,1,2,5,6,I,"",1,
{"R",1:b733001167558f6911de7ad433268d7a},"Петров"},
{20090727233203,U,
{2407a27510430,b25},1,1,2,5,6,I,"",1,
{"R",1:b733001167558f6911de7ad433268d7b},"Сидоров"},
{20090727233203,C,
{2407a27510430,b25},1,1,2,5,5,I,"",0,
{"U"},""},
{20090727234613,N,
{0,0},1,1,2,5,2,I,"",0,
{"U"},""},
{20090727234658,C,
{2407a27d99520,d50},1,1,2,3,3,I,"",0,
{"U"},""},
{20090727234658,U,
{2407a27d99520,d50},1,1,2,3,4,I,"",1,
{"R",1:b733001167558f6911de7ad433268d79},"Иванов"},
{20090727234658,C,
{2407a27d99520,d50},1,1,2,3,5,I,"",0,
{"U"},""},
{20090727234658,C,
{2407a27d99520,e54},1,1,2,3,3,I,"",0,
{"U"},""},
{20090727234658,U,
{2407a27d99520,e54},1,1,2,3,4,I,"",1,
{"R",1:b733001167558f6911de7ad433268d7a},"Петров"},
{20090727234658,C,
{2407a27d99520,e54},1,1,2,3,5,I,"",0,
{"U"},""},
{20090727234659,C,
{2407a27d9bc30,f58},1,1,2,3,3,I,"",0,
{"U"},""},
{20090727234659,U,
{2407a27d9bc30,f58},1,1,2,3,4,I,"",1,
{"R",1:b733001167558f6911de7ad433268d7b},"Сидоров"},
{20090727234659,C,
{2407a27d9bc30,f58},1,1,2,3,5,I,"",0,
{"U"},""},
{20090727234707,N,
{0,0},1,1,2,6,1,I,"",0,
{"U"},""},
{20090727234707,C,
{2407a27daf4b0,1097},1,1,2,6,3,I,"",0,
{"U"},""},
{20090727234707,U,
{2407a27daf4b0,1097},1,1,2,6,6,I,"",1,
{"R",1:b733001167558f6911de7ad433268d79},"Иванов"},
{20090727234707,U,
{2407a27daf4b0,1097},1,1,2,6,6,I,"",1,
{"R",1:b733001167558f6911de7ad433268d7a},"Петров"},
{20090727234707,U,
{2407a27daf4b0,1097},1,1,2,6,6,I,"",1,
{"R",1:b733001167558f6911de7ad433268d7b},"Сидоров"},
{20090727234707,C,
{2407a27daf4b0,1097},1,1,2,6,5,I,"",0,
{"U"},""},
{20090727234858,N,
{0,0},1,1,2,3,2,I,"",0,
{"U"},""},
{20090727234859,N,
{0,0},1,1,1,1,2,I,"",0,
{"U"},""},
{20090727234922,N,
{0,0},1,1,2,6,2,I,"",0,
{"U"},""},
{20090729222128,N,
{0,0},1,1,1,1,1,I,"",0,
{"U"},""},
{20090729222407,N,
{0,0},1,1,2,2,1,I,"",0,
{"U"},""},
{20090729223714,C,
{2407a8c5a57a0,13ab},1,1,2,2,3,I,"",0,
{"U"},""},
{20090729223714,U,
{2407a8c5a57a0,13ab},1,1,2,2,4,I,"",1,
{"R",1:b733001167558f6911de7ad433268d79},"Иванов"},
{20090729223714,C,
{2407a8c5a57a0,13ab},1,1,2,2,5,I,"",0,
{"U"},""},
{20090729223715,C,
{2407a8c5a7eb0,14b2},1,1,2,2,3,I,"",0,
{"U"},""},
{20090729223715,U,
{2407a8c5a7eb0,14b2},1,1,2,2,4,I,"",1,
{"R",1:b733001167558f6911de7ad433268d7a},"Петров"},
{20090729223715,C,
{2407a8c5a7eb0,14b2},1,1,2,2,5,I,"",0,
{"U"},""},
{20090729223715,C,
{2407a8c5a7eb0,15b9},1,1,2,2,3,I,"",0,
{"U"},""},
{20090729223715,U,
{2407a8c5a7eb0,15b9},1,1,2,2,4,I,"",1,
{"R",1:b733001167558f6911de7ad433268d7b},"Сидоров"},
{20090729223715,C,
{2407a8c5a7eb0,15b9},1,1,2,2,5,I,"",0,
{"U"},""},
{20090729223745,N,
{0,0},1,1,2,3,1,I,"",0,
{"U"},""},
{20090729223746,C,
{2407a8c5f39a0,16fb},1,1,2,3,3,I,"",0,
{"U"},""},
{20090729223746,U,
{2407a8c5f39a0,16fb},1,1,2,3,6,I,"",1,
{"R",1:b733001167558f6911de7ad433268d79},"Иванов"},
{20090729223746,U,
{2407a8c5f39a0,16fb},1,1,2,3,6,I,"",1,
{"R",1:b733001167558f6911de7ad433268d7a},"Петров"},
{20090729223746,U,
{2407a8c5f39a0,16fb},1,1,2,3,6,I,"",1,
{"R",1:b733001167558f6911de7ad433268d7b},"Сидоров"},
{20090729223746,C,
{2407a8c5f39a0,16fb},1,1,2,3,5,I,"",0,
{"U"},""},
{20090729224419,N,
{0,0},1,1,1,1,2,I,"",0,
{"U"},""},
{20090729224422,N,
{0,0},1,1,2,2,2,I,"",0,
{"U"},""},
{20090729225339,N,
{0,0},1,1,1,1,1,I,"",0,
{"U"},""},
{20090729225352,N,
{0,0},1,1,2,2,1,I,"",0,
{"U"},""},
{20090729225355,N,
{0,0},1,1,2,2,2,I,"",0,
{"U"},""},
{20090729225355,N,
{0,0},1,1,1,1,2,I,"",0,
{"U"},""}