1CV8LOG_
3ad2f78c-39e9-4ed0-b1ad-f56668856ab3

{20090727213718,N,
{0,0},1,1,1,1,1,I,"",0,
{"U"},""},
{20090727213733,N,
{0,0},1,1,1,1,2,I,"",0,
{"U"},""},
{20090727213736,N,
{0,0},1,1,1,1,3,I,"Новый объект: Справочник.Сотрудники",0,
{"U"},""},
{20090727213737,N,
{0,0},1,1,2,2,1,I,"",0,
{"U"},""},
{20090727213748,C,
{2407a233b06c0,158},1,1,2,2,4,I,"",0,
{"U"},""},
{20090727213748,U,
{2407a233b06c0,158},1,1,2,2,5,I,"",1,
{"R",1:b733001167558f6911de7ad433268d79},"Иванов"},
{20090727213748,C,
{2407a233b06c0,158},1,1,2,2,6,I,"",0,
{"U"},""},
{20090727213801,C,
{2407a233d0290,25c},1,1,2,2,4,I,"",0,
{"U"},""},
{20090727213801,U,
{2407a233d0290,25c},1,1,2,2,5,I,"",1,
{"R",1:b733001167558f6911de7ad433268d7a},"Петров"},
{20090727213801,C,
{2407a233d0290,25c},1,1,2,2,6,I,"",0,
{"U"},""},
{20090727213807,C,
{2407a233decf0,360},1,1,2,2,4,I,"",0,
{"U"},""},
{20090727213807,U,
{2407a233decf0,360},1,1,2,2,5,I,"",1,
{"R",1:b733001167558f6911de7ad433268d7b},"Сидоров"},
{20090727213807,C,
{2407a233decf0,360},1,1,2,2,6,I,"",0,
{"U"},""},
{20090727213809,N,
{0,0},1,1,2,2,7,I,"",0,
{"U"},""},
{20090727213937,N,
{0,0},1,1,2,3,1,I,"",0,
{"U"},""},
{20090727214044,N,
{0,0},1,1,2,4,1,I,"",0,
{"U"},""},
{20090727214306,N,
{0,0},1,1,1,1,2,I,"",0,
{"U"},""},
{20090727214311,N,
{0,0},1,1,1,1,3,I,"Конфигурация обновлена динамически",0,
{"U"},""},
{20090727214312,N,
{0,0},1,1,2,5,1,I,"",0,
{"U"},""},
{20090727214314,N,
{0,0},1,1,2,5,8,E,"{МодульПриложения(2,9)}: Ожидается выражение",0,
{"U"},""},
{20090727214322,N,
{0,0},1,1,2,5,7,I,"",0,
{"U"},""},
{20090727214331,N,
{0,0},1,1,1,1,2,I,"",0,
{"U"},""},
{20090727214331,N,
{0,0},1,1,1,1,2,I,"",0,
{"U"},""},
{20090727214333,N,
{0,0},1,1,2,6,1,I,"",0,
{"U"},""},
{20090727214335,N,
{0,0},1,1,2,6,8,E,"{МодульПриложения(2,9)}: Ожидается выражение",0,
{"U"},""},
{20090727214345,N,
{0,0},1,1,2,6,7,I,"",0,
{"U"},""},
{20090727214445,N,
{0,0},1,1,1,1,2,I,"",0,
{"U"},""},
{20090727214449,N,
{0,0},1,1,1,1,3,I,"Конфигурация обновлена динамически",0,
{"U"},""},
{20090727214451,N,
{0,0},1,1,2,7,1,I,"",0,
{"U"},""},
{20090727214453,N,
{0,0},1,1,2,7,7,I,"",0,
{"U"},""},
{20090727214459,N,
{0,0},1,1,2,8,1,I,"",0,
{"U"},""},
{20090727214539,N,
{0,0},1,1,2,9,1,I,"",0,
{"U"},""},
{20090727214540,N,
{0,0},1,1,2,3,7,I,"",0,
{"U"},""},
{20090727214540,N,
{0,0},1,1,2,4,7,I,"",0,
{"U"},""},
{20090727214540,N,
{0,0},1,1,2,8,7,I,"",0,
{"U"},""},
{20090727214620,N,
{0,0},1,1,2,10,1,I,"",0,
{"U"},""},
{20090727214715,N,
{0,0},1,1,2,11,1,I,"",0,
{"U"},""},
{20090727214808,N,
{0,0},1,1,1,1,2,I,"",0,
{"U"},""},
{20090727214809,N,
{0,0},1,1,1,1,2,I,"",0,
{"U"},""},
{20090727214814,N,
{0,0},1,1,1,1,3,I,"Конфигурация обновлена динамически",0,
{"U"},""},
{20090727214815,N,
{0,0},1,1,2,12,1,I,"",0,
{"U"},""},
{20090727214817,N,
{0,0},1,1,2,12,7,I,"",0,
{"U"},""},
{20090727214824,N,
{0,0},1,1,2,13,1,I,"",0,
{"U"},""},
{20090727214824,N,
{0,0},1,1,2,10,7,I,"",0,
{"U"},""},
{20090727214824,N,
{0,0},1,1,2,11,7,I,"",0,
{"U"},""},
{20090727214844,N,
{0,0},1,1,2,14,1,I,"",0,
{"U"},""},
{20090727215036,N,
{0,0},1,1,2,15,1,I,"",0,
{"U"},""},
{20090727215037,N,
{0,0},1,1,2,14,7,I,"",0,
{"U"},""},
{20090727220121,N,
{0,0},1,1,2,16,1,I,"",0,
{"U"},""},
{20090727220137,N,
{0,0},1,1,2,17,1,I,"",0,
{"U"},""},
{20090727220138,N,
{0,0},1,1,2,16,7,I,"",0,
{"U"},""},
{20090727220149,N,
{0,0},1,1,2,18,1,I,"",0,
{"U"},""},
{20090727224612,N,
{0,0},1,1,1,1,2,I,"",0,
{"U"},""},
{20090727224614,N,
{0,0},1,1,1,1,2,I,"",0,
{"U"},""},
{20090727224717,N,
{0,0},1,1,1,1,2,I,"",0,
{"U"},""},
{20090727224807,N,
{0,0},1,1,1,1,2,I,"",0,
{"U"},""},
{20090727224812,N,
{0,0},1,1,1,1,3,I,"Конфигурация обновлена динамически",0,
{"U"},""},
{20090727224814,N,
{0,0},1,1,2,19,1,I,"",0,
{"U"},""},
{20090727224816,N,
{0,0},1,1,2,19,7,I,"",0,
{"U"},""},
{20090727224921,N,
{0,0},1,1,1,1,2,I,"",0,
{"U"},""},
{20090727224928,N,
{0,0},1,1,1,1,3,I,"Конфигурация обновлена динамически",0,
{"U"},""},
{20090727224930,N,
{0,0},1,1,2,20,1,I,"",0,
{"U"},""},
{20090727224932,N,
{0,0},1,1,2,20,7,I,"",0,
{"U"},""},
{20090727225733,N,
{0,0},1,1,2,21,1,I,"",0,
{"U"},""},
{20090727230150,N,
{0,0},1,1,2,13,7,I,"",0,
{"U"},""},
{20090727230150,N,
{0,0},1,1,2,17,7,I,"",0,
{"U"},""},
{20090727230150,N,
{0,0},1,1,2,9,7,I,"",0,
{"U"},""},
{20090727230150,N,
{0,0},1,1,2,15,7,I,"",0,
{"U"},""},
{20090727230150,N,
{0,0},1,1,2,21,7,I,"",0,
{"U"},""},
{20090727230210,N,
{0,0},1,1,2,22,1,I,"",0,
{"U"},""},
{20090727230233,N,
{0,0},1,1,2,23,1,I,"",0,
{"U"},""},
{20090727230623,N,
{0,0},1,1,1,1,2,I,"",0,
{"U"},""},
{20090727230955,N,
{0,0},1,1,2,18,7,I,"",0,
{"U"},""},
{20090727231059,N,
{0,0},1,1,1,1,7,I,"",0,
{"U"},""},
{20090727231151,N,
{0,0},1,1,2,22,7,I,"",0,
{"U"},""},
{20090727231151,N,
{0,0},1,1,2,23,7,I,"",0,
{"U"},""},
{20090727231512,N,
{0,0},1,1,1,1,1,I,"",0,
{"U"},""},
{20090727231530,N,
{0,0},1,1,1,1,7,I,"",0,
{"U"},""},
{20090727232933,N,
{0,0},1,1,2,1,1,I,"",0,
{"U"},""},
{20090727232934,N,
{0,0},1,1,2,2,1,I,"",0,
{"U"},""},
{20090727232935,C,
{2407a273a6ef0,1553},1,1,2,2,4,I,"",0,
{"U"},""},
{20090727232935,U,
{2407a273a6ef0,1553},1,1,2,2,9,I,"",1,
{"R",1:b733001167558f6911de7ad433268d79},"Иванов"},
{20090727232935,U,
{2407a273a6ef0,1553},1,1,2,2,9,I,"",1,
{"R",1:b733001167558f6911de7ad433268d7a},"Петров"},
{20090727232935,U,
{2407a273a6ef0,1553},1,1,2,2,9,I,"",1,
{"R",1:b733001167558f6911de7ad433268d7b},"Сидоров"},
{20090727232935,C,
{2407a273a6ef0,1553},1,1,2,2,6,I,"",0,
{"U"},""},
{20090727232935,N,
{0,0},1,1,2,1,7,I,"",0,
{"U"},""},
{20090727232935,N,
{0,0},1,1,2,2,7,I,"",0,
{"U"},""},
{20090727233138,N,
{0,0},1,1,2,1,1,I,"",0,
{"U"},""},
{20090727233201,N,
{0,0},1,1,2,2,1,I,"",0,
{"U"},""},
{20090727233202,N,
{0,0},1,1,2,1,7,I,"",0,
{"U"},""},
{20090727234613,N,
{0,0},1,1,2,3,1,I,"",0,
{"U"},""},
{20090727234630,N,
{0,0},1,1,2,4,1,I,"",0,
{"U"},""},
{20090727234648,N,
{0,0},1,1,2,5,1,I,"",0,
{"U"},""},
{20090727234705,N,
{0,0},1,1,2,6,1,I,"",0,
{"U"},""},
{20090727234706,N,
{0,0},1,1,2,5,7,I,"",0,
{"U"},""},
{20090727234706,N,
{0,0},1,1,2,4,7,I,"",0,
{"U"},""},
{20090727234922,N,
{0,0},1,1,2,2,7,I,"",0,
{"U"},""},
{20090727234922,N,
{0,0},1,1,2,3,7,I,"",0,
{"U"},""},
{20090727234922,N,
{0,0},1,1,2,6,7,I,"",0,
{"U"},""},
{20090729222120,N,
{0,0},1,1,1,1,1,I,"",0,
{"U"},""},
{20090729222124,N,
{0,0},1,1,1,1,7,I,"",0,
{"U"},""},
{20090729223502,N,
{0,0},1,1,2,1,1,I,"",0,
{"U"},""},
{20090729223504,N,
{0,0},1,1,2,1,7,I,"",0,
{"U"},""},
{20090729223553,N,
{0,0},1,1,2,1,1,I,"",0,
{"U"},""},
{20090729223646,N,
{0,0},1,1,2,2,1,I,"",0,
{"U"},""},
{20090729223646,N,
{0,0},1,1,2,1,7,I,"",0,
{"U"},""},
{20090729223740,N,
{0,0},1,1,2,3,1,I,"",0,
{"U"},""},
{20090729223746,N,
{0,0},1,1,2,3,7,I,"",0,
{"U"},""}