1CV8LOG_
0b6e51b4-1782-42cb-b1cc-e47304a65fdb

{20090727231555,N,
{0,0},1,1,1,1,1,I,"",0,
{"U"},""},
{20090727231605,N,
{0,0},1,1,1,1,2,I,"",0,
{"U"},""},
{20090727231607,N,
{0,0},1,1,1,1,1,I,"",0,
{"U"},""},
{20090727231630,N,
{0,0},1,1,2,2,1,I,"",0,
{"U"},""},
{20090727231639,C,
{2407a26c40670,116},1,1,2,2,3,I,"",0,
{"U"},""},
{20090727231639,U,
{2407a26c40670,116},1,1,2,2,4,I,"",1,
{"R",1:b733001167558f6911de7ad433268d79},"Иванов"},
{20090727231639,C,
{2407a26c40670,116},1,1,2,2,5,I,"",0,
{"U"},""},
{20090727231641,C,
{2407a26c45490,21a},1,1,2,2,3,I,"",0,
{"U"},""},
{20090727231641,U,
{2407a26c45490,21a},1,1,2,2,4,I,"",1,
{"R",1:b733001167558f6911de7ad433268d7a},"Петров"},
{20090727231641,C,
{2407a26c45490,21a},1,1,2,2,5,I,"",0,
{"U"},""},
{20090727231642,C,
{2407a26c47ba0,31e},1,1,2,2,3,I,"",0,
{"U"},""},
{20090727231642,U,
{2407a26c47ba0,31e},1,1,2,2,4,I,"",1,
{"R",1:b733001167558f6911de7ad433268d7b},"Сидоров"},
{20090727231642,C,
{2407a26c47ba0,31e},1,1,2,2,5,I,"",0,
{"U"},""},
{20090727231643,N,
{0,0},1,1,2,2,2,I,"",0,
{"U"},""},
{20090727232957,N,
{0,0},1,1,1,1,2,I,"",0,
{"U"},""},
{20090727233002,N,
{0,0},1,1,1,1,1,I,"",0,
{"U"},""},
{20090727233004,N,
{0,0},1,1,2,2,1,I,"",0,
{"U"},""},
{20090727233102,N,
{0,0},1,1,2,2,2,I,"",0,
{"U"},""},
{20090727233106,N,
{0,0},1,1,2,3,1,I,"",0,
{"U"},""},
{20090727233139,N,
{0,0},1,1,2,4,1,I,"",0,
{"U"},""},
{20090727233140,C,
{2407a274d81c0,5b3},1,1,2,4,3,I,"",0,
{"U"},""},
{20090727233140,U,
{2407a274d81c0,5b3},1,1,2,4,6,I,"",1,
{"R",1:b733001167558f6911de7ad433268d79},"Иванов"},
{20090727233140,U,
{2407a274d81c0,5b3},1,1,2,4,6,I,"",1,
{"R",1:b733001167558f6911de7ad433268d7a},"Петров"},
{20090727233140,U,
{2407a274d81c0,5b3},1,1,2,4,6,I,"",1,
{"R",1:b733001167558f6911de7ad433268d7b},"Сидоров"},
{20090727233140,C,
{2407a274d81c0,5b3},1,1,2,4,5,I,"",0,
{"U"},""},
{20090727233145,C,
{2407a274e4510,7a5},1,1,2,3,3,I,"",0,
{"U"},""},
{20090727233145,U,
{2407a274e4510,7a5},1,1,2,3,4,I,"",1,
{"R",1:b733001167558f6911de7ad433268d79},"Иванов"},
{20090727233145,C,
{2407a274e4510,7a5},1,1,2,3,5,I,"",0,
{"U"},""},
{20090727233146,C,
{2407a274e6c20,8a9},1,1,2,3,3,I,"",0,
{"U"},""},
{20090727233146,U,
{2407a274e6c20,8a9},1,1,2,3,4,I,"",1,
{"R",1:b733001167558f6911de7ad433268d7a},"Петров"},
{20090727233146,C,
{2407a274e6c20,8a9},1,1,2,3,5,I,"",0,
{"U"},""},
{20090727233146,C,
{2407a274e6c20,9ad},1,1,2,3,3,I,"",0,
{"U"},""},
{20090727233146,U,
{2407a274e6c20,9ad},1,1,2,3,4,I,"",1,
{"R",1:b733001167558f6911de7ad433268d7b},"Сидоров"},
{20090727233146,C,
{2407a274e6c20,9ad},1,1,2,3,5,I,"",0,
{"U"},""},
{20090727233201,N,
{0,0},1,1,2,4,2,I,"",0,
{"U"},""},
{20090727233203,N,
{0,0},1,1,2,5,1,I,"",0,
{"U"},""},
{20090727233203,C,
{2407a27510430,b25},1,1,2,5,3,I,"",0,
{"U"},""},
{20090727233203,U,
{2407a27510430,b25},1,1,2,5,6,I,"",1,
{"R",1:b733001167558f6911de7ad433268d79},"Иванов"},
{20090727233203,U,
{2407a27510430,b25},1,1,2,5,6,I,"",1,
{"R",1:b733001167558f6911de7ad433268d7a},"Петров"},
{20090727233203,U,
{2407a27510430,b25},1,1,2,5,6,I,"",1,
{"R",1:b733001167558f6911de7ad433268d7b},"Сидоров"},
{20090727233203,C,
{2407a27510430,b25},1,1,2,5,5,I,"",0,
{"U"},""},
{20090727234613,N,
{0,0},1,1,2,5,2,I,"",0,
{"U"},""},
{20090727234658,C,
{2407a27d99520,d50},1,1,2,3,3,I,"",0,
{"U"},""},
{20090727234658,U,
{2407a27d99520,d50},1,1,2,3,4,I,"",1,
{"R",1:b733001167558f6911de7ad433268d79},"Иванов"},
{20090727234658,C,
{2407a27d99520,d50},1,1,2,3,5,I,"",0,
{"U"},""},
{20090727234658,C,
{2407a27d99520,e54},1,1,2,3,3,I,"",0,
{"U"},""},
{20090727234658,U,
{2407a27d99520,e54},1,1,2,3,4,I,"",1,
{"R",1:b733001167558f6911de7ad433268d7a},"Петров"},
{20090727234658,C,
{2407a27d99520,e54},1,1,2,3,5,I,"",0,
{"U"},""},
{20090727234659,C,
{2407a27d9bc30,f58},1,1,2,3,3,I,"",0,
{"U"},""},
{20090727234659,U,
{2407a27d9bc30,f58},1,1,2,3,4,I,"",1,
{"R",1:b733001167558f6911de7ad433268d7b},"Сидоров"},
{20090727234659,C,
{2407a27d9bc30,f58},1,1,2,3,5,I,"",0,
{"U"},""},
{20090727234707,N,
{0,0},1,1,2,6,1,I,"",0,
{"U"},""},
{20090727234707,C,
{2407a27daf4b0,1097},1,1,2,6,3,I,"",0,
{"U"},""},
{20090727234707,U,
{2407a27daf4b0,1097},1,1,2,6,6,I,"",1,
{"R",1:b733001167558f6911de7ad433268d79},"Иванов"},
{20090727234707,U,
{2407a27daf4b0,1097},1,1,2,6,6,I,"",1,
{"R",1:b733001167558f6911de7ad433268d7a},"Петров"},
{20090727234707,U,
{2407a27daf4b0,1097},1,1,2,6,6,I,"",1,
{"R",1:b733001167558f6911de7ad433268d7b},"Сидоров"},
{20090727234707,C,
{2407a27daf4b0,1097},1,1,2,6,5,I,"",0,
{"U"},""},
{20090727234858,N,
{0,0},1,1,2,3,2,I,"",0,
{"U"},""},
{20090727234859,N,
{0,0},1,1,1,1,2,I,"",0,
{"U"},""},
{20090727234922,N,
{0,0},1,1,2,6,2,I,"",0,
{"U"},""},
{20090729222128,N,
{0,0},1,1,1,1,1,I,"",0,
{"U"},""},
{20090729222407,N,
{0,0},1,1,2,2,1,I,"",0,
{"U"},""},
{20090729223714,C,
{2407a8c5a57a0,13ab},1,1,2,2,3,I,"",0,
{"U"},""},
{20090729223714,U,
{2407a8c5a57a0,13ab},1,1,2,2,4,I,"",1,
{"R",1:b733001167558f6911de7ad433268d79},"Иванов"},
{20090729223714,C,
{2407a8c5a57a0,13ab},1,1,2,2,5,I,"",0,
{"U"},""},
{20090729223715,C,
{2407a8c5a7eb0,14b2},1,1,2,2,3,I,"",0,
{"U"},""},
{20090729223715,U,
{2407a8c5a7eb0,14b2},1,1,2,2,4,I,"",1,
{"R",1:b733001167558f6911de7ad433268d7a},"Петров"},
{20090729223715,C,
{2407a8c5a7eb0,14b2},1,1,2,2,5,I,"",0,
{"U"},""},
{20090729223715,C,
{2407a8c5a7eb0,15b9},1,1,2,2,3,I,"",0,
{"U"},""},
{20090729223715,U,
{2407a8c5a7eb0,15b9},1,1,2,2,4,I,"",1,
{"R",1:b733001167558f6911de7ad433268d7b},"Сидоров"},
{20090729223715,C,
{2407a8c5a7eb0,15b9},1,1,2,2,5,I,"",0,
{"U"},""},
{20090729223745,N,
{0,0},1,1,2,3,1,I,"",0,
{"U"},""},
{20090729223746,C,
{2407a8c5f39a0,16fb},1,1,2,3,3,I,"",0,
{"U"},""},
{20090729223746,U,
{2407a8c5f39a0,16fb},1,1,2,3,6,I,"",1,
{"R",1:b733001167558f6911de7ad433268d79},"Иванов"},
{20090729223746,U,
{2407a8c5f39a0,16fb},1,1,2,3,6,I,"",1,
{"R",1:b733001167558f6911de7ad433268d7a},"Петров"},
{20090729223746,U,
{2407a8c5f39a0,16fb},1,1,2,3,6,I,"",1,
{"R",1:b733001167558f6911de7ad433268d7b},"Сидоров"},
{20090729223746,C,
{2407a8c5f39a0,16fb},1,1,2,3,5,I,"",0,
{"U"},""},
{20090729224419,N,
{0,0},1,1,1,1,2,I,"",0,
{"U"},""},
{20090729224422,N,
{0,0},1,1,2,2,2,I,"",0,
{"U"},""},
{20090729225339,N,
{0,0},1,1,1,1,1,I,"",0,
{"U"},""},
{20090729225352,N,
{0,0},1,1,2,2,1,I,"",0,
{"U"},""},
{20090729225355,N,
{0,0},1,1,2,2,2,I,"",0,
{"U"},""},
{20090729225355,N,
{0,0},1,1,1,1,2,I,"",0,
{"U"},""},
{20091013181137,N,
{0,0},1,2,2,1,1,I,"",0,
{"U"},""},
{20091013181140,U,
{24089ccbc21c0,1a81},1,2,2,1,3,I,"",0,
{"U"},""},
{20091013181140,U,
{24089ccbc21c0,1a81},1,2,2,1,6,I,"",1,
{"R",1:baa80015584a77b011deb80253088543},"Сиськин"},
{20091013183219,N,
{0,0},1,2,2,1,1,I,"",0,
{"U"},""},
{20091013183221,R,
{24089cd797e50,1b7b},1,2,2,1,3,I,"",0,
{"U"},""},
{20091013183221,U,
{24089cd797e50,1b7b},1,2,2,1,6,I,"",1,
{"R",1:b1b10015584a77b011deb80536c870c2},"Сиськин"},
{20091013183221,R,
{24089cd797e50,1b7b},1,2,2,1,7,I,"",0,
{"U"},""},
{20091013183221,N,
{0,0},1,2,2,1,2,I,"",0,
{"U"},""},
{20091013183254,N,
{0,0},1,2,1,1,1,I,"",0,
{"U"},""},
{20091013183257,N,
{0,0},1,2,2,2,1,I,"",0,
{"U"},""},
{20091013183317,N,
{0,0},1,2,2,3,1,I,"",0,
{"U"},""},
{20091013183319,U,
{24089cd8257f0,1d68},1,2,2,3,3,I,"",0,
{"U"},""},
{20091013183319,U,
{24089cd8257f0,1d68},1,2,2,3,6,I,"",1,
{"R",1:b1b10015584a77b011deb805598311bc},"Сиськин"},
{20091013183358,N,
{0,0},1,2,2,2,2,I,"",0,
{"U"},""},
{20091013183400,N,
{0,0},1,2,1,1,2,I,"",0,
{"U"},""},
{20091013202150,N,
{0,0},1,2,2,1,1,I,"",0,
{"U"},""},
{20091013202151,C,
{24089d163fef0,1ed4},1,2,2,1,3,I,"",0,
{"U"},""},
{20091013202151,U,
{24089d163fef0,1ed4},1,2,2,1,6,I,"",1,
{"R",1:a6280015584a77b011deb81483487868},"Сиськин"},
{20091013202152,C,
{24089d163fef0,1ed4},1,2,2,1,5,I,"",0,
{"U"},""},
{20091013202152,N,
{0,0},1,2,2,1,2,I,"",0,
{"U"},""},
{20091013202238,N,
{0,0},1,2,1,1,1,I,"",0,
{"U"},""},
{20091013202242,N,
{0,0},1,2,2,2,1,I,"",0,
{"U"},""},
{20091013202247,C,
{24089d16c8a70,2088},1,2,2,2,3,I,"",0,
{"U"},""},
{20091013202247,U,
{24089d16c8a70,2088},1,2,2,2,4,I,"",1,
{"R",1:a6280015584a77b011deb81483487868},"Сиськин"},
{20091013202247,C,
{24089d16c8a70,2088},1,2,2,2,5,I,"",0,
{"U"},""},
{20091013202248,N,
{0,0},1,2,2,2,2,I,"",0,
{"U"},""},
{20091013202256,N,
{0,0},1,2,2,3,1,I,"",0,
{"U"},""},
{20091013202258,C,
{24089d16e3820,2203},1,2,2,3,3,I,"",0,
{"U"},""},
{20091013202258,U,
{24089d16e3820,2203},1,2,2,3,6,I,"",1,
{"R",1:a6280015584a77b011deb814aac7f387},"Сиськин"},
{20091013202258,C,
{24089d16e3820,2203},1,2,2,3,5,I,"",0,
{"U"},""},
{20091013202258,N,
{0,0},1,2,2,3,2,I,"",0,
{"U"},""},
{20091013202302,N,
{0,0},1,2,2,4,1,I,"",0,
{"U"},""},
{20091013202310,N,
{0,0},1,2,2,4,2,I,"",0,
{"U"},""},
{20091013202311,N,
{0,0},1,2,1,1,2,I,"",0,
{"U"},""},
{20091013202417,N,
{0,0},1,2,2,1,1,I,"",0,
{"U"},""},
{20091013202418,R,
{24089d17a6d20,2429},1,2,2,1,3,I,"",0,
{"U"},""},
{20091013202418,R,
{24089d17a6d20,2429},1,2,2,1,7,I,"",0,
{"U"},""},
{20091013202419,N,
{0,0},1,2,2,1,2,I,"",0,
{"U"},""},
{20091013202439,N,
{0,0},1,2,1,1,1,I,"",0,
{"U"},""},
{20091013202445,N,
{0,0},1,2,2,2,1,I,"",0,
{"U"},""},
{20091013202451,C,
{24089d17f7630,2564},1,2,2,2,3,I,"",0,
{"U"},""},
{20091013202451,U,
{24089d17f7630,2564},1,2,2,2,4,I,"",1,
{"R",1:a6280015584a77b011deb814aac7f387},"Сиськин"},
{20091013202451,C,
{24089d17f7630,2564},1,2,2,2,5,I,"",0,
{"U"},""},
{20091013202504,N,
{0,0},1,2,2,3,1,I,"",0,
{"U"},""},
{20091013202505,C,
{24089d1819910,26a6},1,2,2,3,3,I,"",0,
{"U"},""},
{20091013202505,U,
{24089d1819910,26a6},1,2,2,3,6,I,"",1,
{"R",1:a6280015584a77b011deb814f6a32501},"Сиськин"},
{20091013202505,C,
{24089d1819910,26a6},1,2,2,3,5,I,"",0,
{"U"},""},
{20091013202505,N,
{0,0},1,2,2,3,2,I,"",0,
{"U"},""},
{20091013202512,N,
{0,0},1,2,2,2,2,I,"",0,
{"U"},""},
{20091013202515,N,
{0,0},1,2,1,1,2,I,"",0,
{"U"},""},
{20091013202719,N,
{0,0},1,2,2,1,1,I,"",0,
{"U"},""},
{20091013202721,R,
{24089d1965990,2893},1,2,2,1,3,I,"",0,
{"U"},""},
{20091013202721,R,
{24089d1965990,2893},1,2,2,1,7,I,"",0,
{"U"},""},
{20091013202721,N,
{0,0},1,2,2,1,2,I,"",0,
{"U"},""},
{20091013202858,N,
{0,0},1,2,1,1,1,I,"",0,
{"U"},""},
{20091013202900,N,
{0,0},1,2,2,2,1,I,"",0,
{"U"},""},
{20091013202904,C,
{24089d1a61100,29ce},1,2,2,2,3,I,"",0,
{"U"},""},
{20091013202904,U,
{24089d1a61100,29ce},1,2,2,2,4,I,"",1,
{"R",1:a6280015584a77b011deb814f6a32501},"Сиськин"},
{20091013202904,C,
{24089d1a61100,29ce},1,2,2,2,5,I,"",0,
{"U"},""},
{20091013202918,N,
{0,0},1,2,2,3,1,I,"",0,
{"U"},""},
{20091013202920,C,
{24089d1a88200,2b10},1,2,2,3,3,I,"",0,
{"U"},""},
{20091013202920,U,
{24089d1a88200,2b10},1,2,2,3,6,I,"",1,
{"R",1:a6280015584a77b011deb8158ec75a46},"Сиськин"},
{20091013202920,C,
{24089d1a88200,2b10},1,2,2,3,5,I,"",0,
{"U"},""},
{20091013202921,N,
{0,0},1,2,2,3,2,I,"",0,
{"U"},""},
{20091013203000,N,
{0,0},1,2,2,2,2,I,"",0,
{"U"},""},
{20091013203005,N,
{0,0},1,2,1,1,2,I,"",0,
{"U"},""},
{20091013203036,N,
{0,0},1,2,1,1,1,I,"",0,
{"U"},""},
{20091013203038,N,
{0,0},1,2,2,2,1,I,"",0,
{"U"},""},
{20091013203201,C,
{24089d1c11310,2d36},1,2,2,2,3,I,"",0,
{"U"},""},
{20091013203201,U,
{24089d1c11310,2d36},1,2,2,2,4,I,"",1,
{"R",1:a6280015584a77b011deb8158ec75a46},"Сиськин"},
{20091013203201,C,
{24089d1c11310,2d36},1,2,2,2,5,I,"",0,
{"U"},""},
{20091013203215,N,
{0,0},1,2,2,3,1,I,"",0,
{"U"},""},
{20091013203217,C,
{24089d1c38410,2e78},1,2,2,3,3,I,"",0,
{"U"},""},
{20091013203217,U,
{24089d1c38410,2e78},1,2,2,3,6,I,"",1,
{"R",1:a6280015584a77b011deb815f85f404a},"Сиськин"},
{20091013203218,C,
{24089d1c38410,2e78},1,2,2,3,5,I,"",0,
{"U"},""},
{20091013203218,N,
{0,0},1,2,2,3,2,I,"",0,
{"U"},""},
{20091013203449,C,
{24089d1dab590,2fba},1,2,2,2,3,I,"",0,
{"U"},""},
{20091013203449,U,
{24089d1dab590,2fba},1,2,2,2,4,I,"",1,
{"R",1:a6280015584a77b011deb815f85f404a},"Сиськин"},
{20091013203449,C,
{24089d1dab590,2fba},1,2,2,2,5,I,"",0,
{"U"},""},
{20091013203456,N,
{0,0},1,2,2,4,1,I,"",0,
{"U"},""},
{20091013203457,C,
{24089d1dbee10,30fc},1,2,2,4,3,I,"",0,
{"U"},""},
{20091013203457,U,
{24089d1dbee10,30fc},1,2,2,4,6,I,"",1,
{"R",1:a6280015584a77b011deb81657a80145},"Сиськин"},
{20091013203457,C,
{24089d1dbee10,30fc},1,2,2,4,5,I,"",0,
{"U"},""},
{20091013203458,N,
{0,0},1,2,2,4,2,I,"",0,
{"U"},""},
{20091013203632,C,
{24089d1ea6d00,323e},1,2,2,2,3,I,"",0,
{"U"},""},
{20091013203632,U,
{24089d1ea6d00,323e},1,2,2,2,4,I,"",1,
{"R",1:a6280015584a77b011deb81657a80145},"Сиськин"},
{20091013203632,C,
{24089d1ea6d00,323e},1,2,2,2,5,I,"",0,
{"U"},""},
{20091013203643,N,
{0,0},1,2,2,5,1,I,"",0,
{"U"},""},
{20091013203644,U,
{24089d1ec41c0,3380},1,2,2,5,3,I,"",0,
{"U"},""},
{20091013203644,U,
{24089d1ec41c0,3380},1,2,2,5,6,I,"",1,
{"R",1:a6280015584a77b011deb81697609aa9},"Сиськин"},
{20091013203644,N,
{0,0},1,2,2,5,2,I,"",0,
{"U"},""},
{20091013203759,N,
{0,0},1,2,2,2,2,I,"",0,
{"U"},""},
{20091013203829,N,
{0,0},1,2,2,6,1,I,"",0,
{"U"},""},
{20091013203830,U,
{24089d1fc6e60,34ec},1,2,2,6,3,I,"",0,
{"U"},""},
{20091013203830,U,
{24089d1fc6e60,34ec},1,2,2,6,6,I,"",1,
{"R",1:a6280015584a77b011deb816d6c5c1bf},"Сиськин"},
{20091013203831,N,
{0,0},1,2,2,6,2,I,"",0,
{"U"},""},
{20091013203854,N,
{0,0},1,2,2,7,1,I,"",0,
{"U"},""},
{20091013203855,C,
{24089d2003ef0,361f},1,2,2,7,3,I,"",0,
{"U"},""},
{20091013203855,U,
{24089d2003ef0,361f},1,2,2,7,6,I,"",1,
{"R",1:a6280015584a77b011deb816e58189eb},"Сиськин"},
{20091013203921,C,
{24089d2003ef0,361f},1,2,2,7,5,I,"",0,
{"U"},""},
{20091013203943,N,
{0,0},1,2,2,7,2,I,"",0,
{"U"},""},
{20091013203956,N,
{0,0},1,2,2,8,1,I,"",0,
{"U"},""},
{20091013203958,R,
{24089d209dbe0,379a},1,2,2,8,3,I,"",0,
{"U"},""},
{20091013203958,R,
{24089d209dbe0,379a},1,2,2,8,7,I,"",0,
{"U"},""},
{20091013203958,N,
{0,0},1,2,2,8,2,I,"",0,
{"U"},""},
{20091013204114,N,
{0,0},1,2,1,1,2,I,"",0,
{"U"},""},
{20091013204118,N,
{0,0},1,2,1,1,1,I,"",0,
{"U"},""},
{20091013204125,N,
{0,0},1,2,2,2,1,I,"",0,
{"U"},""},
{20091013204131,C,
{24089d2180cb0,390e},1,2,2,2,3,I,"",0,
{"U"},""},
{20091013204131,U,
{24089d2180cb0,390e},1,2,2,2,4,I,"",1,
{"R",1:a6280015584a77b011deb816e58189eb},"Сиськин"},
{20091013204131,C,
{24089d2180cb0,390e},1,2,2,2,5,I,"",0,
{"U"},""},
{20091013204141,N,
{0,0},1,2,2,3,1,I,"",0,
{"U"},""},
{20091013204142,C,
{24089d219ba60,3a50},1,2,2,3,3,I,"",0,
{"U"},""},
{20091013204142,U,
{24089d219ba60,3a50},1,2,2,3,6,I,"",1,
{"R",1:a6280015584a77b011deb81748fd8f74},"Сиськин"},
{20091013204142,C,
{24089d219ba60,3a50},1,2,2,3,5,I,"",0,
{"U"},""},
{20091013204142,N,
{0,0},1,2,2,3,2,I,"",0,
{"U"},""},
{20091013204151,N,
{0,0},1,2,2,2,2,I,"",0,
{"U"},""},
{20091013204217,N,
{0,0},1,2,1,1,2,I,"",0,
{"U"},""},
{20091013204220,N,
{0,0},1,2,1,1,1,I,"",0,
{"U"},""},
{20091013204222,N,
{0,0},1,2,2,2,1,I,"",0,
{"U"},""},
{20091013204246,N,
{0,0},1,2,2,3,1,I,"",0,
{"U"},""},
{20091013204247,R,
{24089d223a570,3caf},1,2,2,3,3,I,"",0,
{"U"},""},
{20091013204247,R,
{24089d223a570,3caf},1,2,2,3,7,I,"",0,
{"U"},""},
{20091013204247,N,
{0,0},1,2,2,3,2,I,"",0,
{"U"},""},
{20091013204255,N,
{0,0},1,2,2,2,2,I,"",0,
{"U"},""},
{20091013204320,N,
{0,0},1,2,1,1,2,I,"",0,
{"U"},""},
{20091013204324,N,
{0,0},1,2,1,1,1,I,"",0,
{"U"},""},
{20091013204328,N,
{0,0},1,2,2,2,1,I,"",0,
{"U"},""},
{20091013204334,C,
{24089d22ad160,3e5c},1,2,2,2,3,I,"",0,
{"U"},""},
{20091013204334,U,
{24089d22ad160,3e5c},1,2,2,2,4,I,"",1,
{"R",1:a6280015584a77b011deb81748fd8f74},"Сиськин"},
{20091013204334,C,
{24089d22ad160,3e5c},1,2,2,2,5,I,"",0,
{"U"},""},
{20091013204336,N,
{0,0},1,2,2,2,2,I,"",0,
{"U"},""},
{20091013204354,N,
{0,0},1,2,2,3,1,I,"",0,
{"U"},""},
{20091013204357,C,
{24089d22e53d0,3fd7},1,2,2,3,3,I,"",0,
{"U"},""},
{20091013204357,U,
{24089d22e53d0,3fd7},1,2,2,3,6,I,"",1,
{"R",1:a6280015584a77b011deb81799407938},"Сиськин"},
{20091013204357,C,
{24089d22e53d0,3fd7},1,2,2,3,5,I,"",0,
{"U"},""},
{20091013204357,N,
{0,0},1,2,2,3,2,I,"",0,
{"U"},""},
{20091013204401,N,
{0,0},1,2,2,4,1,I,"",0,
{"U"},""},
{20091013204409,N,
{0,0},1,2,2,4,2,I,"",0,
{"U"},""},
{20091013204423,N,
{0,0},1,2,1,1,2,I,"",0,
{"U"},""},
{20091014143108,N,
{0,0},1,2,2,1,1,I,"",0,
{"U"},""},
{20091014143110,C,
{24089f858fce0,41fd},1,2,2,1,3,I,"",0,
{"U"},""},
{20091014143110,U,
{24089f858fce0,41fd},1,2,2,1,4,I,"",1,
{"R",1:a6280015584a77b011deb81799407938},"Сиськин"},
{20091014143110,U,
{24089f858fce0,41fd},1,2,2,1,6,I,"",1,
{"R",1:81cf0015584a77b011deb8acaffbd61d},"Сиськин"},
{20091014143110,C,
{24089f858fce0,41fd},1,2,2,1,5,I,"",0,
{"U"},""},
{20091014143110,N,
{0,0},1,2,2,1,2,I,"",0,
{"U"},""},
{20091014143140,N,
{0,0},1,2,2,1,1,I,"",0,
{"U"},""},
{20091014143141,R,
{24089f85db7d0,43f1},1,2,2,1,3,I,"",0,
{"U"},""},
{20091014143141,R,
{24089f85db7d0,43f1},1,2,2,1,7,I,"",0,
{"U"},""},
{20091014143141,N,
{0,0},1,2,2,1,2,I,"",0,
{"U"},""},
{20091014143204,N,
{0,0},1,2,2,1,1,I,"",0,
{"U"},""},
{20091014143207,R,
{24089f861af70,44f3},1,2,2,1,3,I,"",0,
{"U"},""},
{20091014143207,R,
{24089f861af70,44f3},1,2,2,1,7,I,"",0,
{"U"},""},
{20091014143207,N,
{0,0},1,2,2,1,2,I,"",0,
{"U"},""},
{20091014143249,N,
{0,0},1,2,2,1,1,I,"",0,
{"U"},""},
{20091014143251,R,
{24089f8686630,45f5},1,2,2,1,3,I,"",0,
{"U"},""},
{20091014143251,R,
{24089f8686630,45f5},1,2,2,1,7,I,"",0,
{"U"},""},
{20091014143251,N,
{0,0},1,2,2,1,2,I,"",0,
{"U"},""},
{20091014143421,N,
{0,0},1,2,2,1,1,I,"",0,
{"U"},""},
{20091014143424,R,
{24089f8769700,46f7},1,2,2,1,3,I,"",0,
{"U"},""},
{20091014143424,R,
{24089f8769700,46f7},1,2,2,1,7,I,"",0,
{"U"},""},
{20091014143424,N,
{0,0},1,2,2,1,2,I,"",0,
{"U"},""},
{20091014143544,N,
{0,0},1,2,2,1,1,I,"",0,
{"U"},""},
{20091014143546,C,
{24089f8831a20,47f9},1,2,2,1,3,I,"",0,
{"U"},""},
{20091014143546,U,
{24089f8831a20,47f9},1,2,2,1,4,I,"",1,
{"R",1:81cf0015584a77b011deb8acaffbd61d},"Сиськин"},
{20091014143546,U,
{24089f8831a20,47f9},1,2,2,1,6,I,"",1,
{"R",1:81cf0015584a77b011deb8ad5467bb09},"Сиськин"},
{20091014143546,C,
{24089f8831a20,47f9},1,2,2,1,5,I,"",0,
{"U"},""},
{20091014143546,N,
{0,0},1,2,2,1,2,I,"",0,
{"U"},""},
{20091014143551,N,
{0,0},1,2,2,1,1,I,"",0,
{"U"},""},
{20091014143551,C,
{24089f883dd70,49ed},1,2,2,1,3,I,"",0,
{"U"},""},
{20091014143551,U,
{24089f883dd70,49ed},1,2,2,1,4,I,"",1,
{"R",1:81cf0015584a77b011deb8ad5467bb09},"Сиськин"},
{20091014143551,U,
{24089f883dd70,49ed},1,2,2,1,6,I,"",1,
{"R",1:81cf0015584a77b011deb8ad579e12b4},"Сиськин"},
{20091014143551,C,
{24089f883dd70,49ed},1,2,2,1,5,I,"",0,
{"U"},""},
{20091014143551,N,
{0,0},1,2,2,1,2,I,"",0,
{"U"},""},
{20091014143617,N,
{0,0},1,2,2,1,1,I,"",0,
{"U"},""},
{20091014143618,C,
{24089f887fc20,4be1},1,2,2,1,3,I,"",0,
{"U"},""},
{20091014143618,U,
{24089f887fc20,4be1},1,2,2,1,4,I,"",1,
{"R",1:81cf0015584a77b011deb8ad579e12b4},"Сиськин"},
{20091014143618,U,
{24089f887fc20,4be1},1,2,2,1,6,I,"",1,
{"R",1:81cf0015584a77b011deb8ad67ae1555},"Сиськин"},
{20091014143618,C,
{24089f887fc20,4be1},1,2,2,1,5,I,"",0,
{"U"},""},
{20091014143618,N,
{0,0},1,2,2,1,2,I,"",0,
{"U"},""},
{20091014183508,N,
{0,0},1,2,2,1,1,I,"",0,
{"U"},""},
{20091014183510,C,
{2408a0112dfe0,4dd5},1,2,2,1,3,I,"",0,
{"U"},""},
{20091014183510,U,
{2408a0112dfe0,4dd5},1,2,2,1,4,I,"",1,
{"R",1:81cf0015584a77b011deb8ad67ae1555},"Сиськин"},
{20091014183510,U,
{2408a0112dfe0,4dd5},1,2,2,1,6,I,"",1,
{"R",1:81cf0015584a77b011deb8cec618098e},"Сиськин"},
{20091014183510,C,
{2408a0112dfe0,4dd5},1,2,2,1,5,I,"",0,
{"U"},""},
{20091014183510,N,
{0,0},1,2,2,1,2,I,"",0,
{"U"},""},
{20091015000410,N,
{0,0},1,2,2,1,1,I,"",0,
{"U"},""},
{20091015000412,C,
{2408a0cd743c0,4fc9},1,2,2,1,3,I,"",0,
{"U"},""},
{20091015000412,U,
{2408a0cd743c0,4fc9},1,2,2,1,4,I,"",1,
{"R",1:81cf0015584a77b011deb8cec618098e},"Сиськин"},
{20091015000412,U,
{2408a0cd743c0,4fc9},1,2,2,1,6,I,"",1,
{"R",1:81cf0015584a77b011deb8fcbd69b2c8},"Сиськин"},
{20091015000412,C,
{2408a0cd743c0,4fc9},1,2,2,1,5,I,"",0,
{"U"},""},
{20091015000412,N,
{0,0},1,2,2,1,2,I,"",0,
{"U"},""},
{20091015171536,N,
{0,0},1,2,2,1,1,I,"",0,
{"U"},""},
{20091015171538,C,
{2408a31ba51a0,51bd},1,2,2,1,3,I,"",0,
{"U"},""},
{20091015171538,U,
{2408a31ba51a0,51bd},1,2,2,1,4,I,"",1,
{"R",1:81cf0015584a77b011deb8fcbd69b2c8},"Сиськин"},
{20091015171538,U,
{2408a31ba51a0,51bd},1,2,2,1,6,I,"",1,
{"R",1:a09d0015584a77b011deb98cd458a80a},"Сиськин"},
{20091015171538,C,
{2408a31ba51a0,51bd},1,2,2,1,5,I,"",0,
{"U"},""},
{20091015171539,N,
{0,0},1,2,2,1,2,I,"",0,
{"U"},""},
{20091015183234,N,
{0,0},1,2,2,1,1,I,"",0,
{"U"},""},
{20091015183237,C,
{2408a347b1f50,53b1},1,2,2,1,3,I,"",0,
{"U"},""},
{20091015183237,U,
{2408a347b1f50,53b1},1,2,2,1,4,I,"",1,
{"R",1:a09d0015584a77b011deb98cd458a80a},"Сиськин"},
{20091015183237,U,
{2408a347b1f50,53b1},1,2,2,1,6,I,"",1,
{"R",1:8d160015584a77b011deb9979529d1e5},"Сиськин"},
{20091015183237,C,
{2408a347b1f50,53b1},1,2,2,1,5,I,"",0,
{"U"},""},
{20091015183237,N,
{0,0},1,2,2,1,2,I,"",0,
{"U"},""},
{20091015191012,N,
{0,0},1,2,2,1,1,I,"",0,
{"U"},""},
{20091015191034,N,
{0,0},1,2,2,2,1,I,"",0,
{"U"},""},
{20091015195737,N,
{0,0},1,2,2,2,2,I,"",0,
{"U"},""},
{20091015200505,N,
{0,0},1,2,2,1,2,I,"",0,
{"U"},""},
{20091015212743,N,
{0,0},1,2,2,1,1,I,"",0,
{"U"},""},
{20091015212745,C,
{2408a3abe8410,5689},1,2,2,1,3,I,"",0,
{"U"},""},
{20091015212745,U,
{2408a3abe8410,5689},1,2,2,1,4,I,"",1,
{"R",1:8d160015584a77b011deb9979529d1e5},"Сиськин"},
{20091015212745,U,
{2408a3abe8410,5689},1,2,2,1,6,I,"",1,
{"R",1:8d160015584a77b011deb9b00c91e4bb},"Сиськин"},
{20091015212745,C,
{2408a3abe8410,5689},1,2,2,1,5,I,"",0,
{"U"},""},
{20091015212745,N,
{0,0},1,2,2,1,2,I,"",0,
{"U"},""},
{20091015212801,N,
{0,0},1,2,2,1,1,I,"",0,
{"U"},""},
{20091015212802,R,
{2408a3ac11c20,587d},1,2,2,1,3,I,"",0,
{"U"},""},
{20091015212802,U,
{2408a3ac11c20,587d},1,2,2,1,4,I,"",1,
{"R",1:8d160015584a77b011deb9b00c91e4bb},"Сиськин"},
{20091015212803,R,
{2408a3ac11c20,587d},1,2,2,1,7,I,"",0,
{"U"},""},
{20091015212803,N,
{0,0},1,2,2,1,2,I,"",0,
{"U"},""},
{20091015221921,N,
{0,0},1,2,2,1,1,I,"",0,
{"U"},""},
{20091015221922,U,
{2408a3c9714a0,59f8},1,2,2,1,3,I,"",0,
{"U"},""},
{20091015221942,N,
{0,0},1,2,2,1,2,I,"",0,
{"U"},""},
{20091015221957,N,
{0,0},1,2,2,1,1,I,"",0,
{"U"},""},
{20091015222000,C,
{2408a3c9ce100,5ab2},1,2,2,1,3,I,"",0,
{"U"},""},
{20091015222000,U,
{2408a3c9ce100,5ab2},1,2,2,1,4,I,"",1,
{"R",1:8d160015584a77b011deb9b00c91e4bb},"Сиськин"},
{20091015222000,U,
{2408a3c9ce100,5ab2},1,2,2,1,6,I,"",1,
{"R",1:8d160015584a77b011deb9b7590002db},"Сиськин"},
{20091015222000,C,
{2408a3c9ce100,5ab2},1,2,2,1,5,I,"",0,
{"U"},""},
{20091015222000,N,
{0,0},1,2,2,1,2,I,"",0,
{"U"},""},
{20091015230429,N,
{0,0},1,2,2,1,1,I,"",0,
{"U"},""},
{20091015230431,U,
{2408a3e3470f0,5ca6},1,2,2,1,3,I,"",0,
{"U"},""},
{20091015230431,U,
{2408a3e3470f0,5ca6},1,2,2,1,4,I,"",1,
{"R",1:8d160015584a77b011deb9b7590002db},"Сиськин"},
{20091015230431,U,
{2408a3e3470f0,5ca6},1,2,2,1,6,I,"",1,
{"R",1:a1970015584a77b011deb9bd916b31f9},"Сиськин"},
{20091015231630,N,
{0,0},1,2,2,1,2,I,"",0,
{"U"},""},
{20091016145403,N,
{0,0},1,2,2,1,1,I,"",0,
{"U"},""},
{20091016145403,C,
{2408a6029adb0,5e52},1,2,2,1,3,I,"",0,
{"U"},""},
{20091016145403,U,
{2408a6029adb0,5e52},1,2,2,1,4,I,"",1,
{"R",1:8d160015584a77b011deb9b7590002db},"Сиськин"},
{20091016145403,U,
{2408a6029adb0,5e52},1,2,2,1,6,I,"",1,
{"R",1:bef60015584a77b011deba423753e85c},"Сиськин"},
{20091016145403,C,
{2408a6029adb0,5e52},1,2,2,1,5,I,"",0,
{"U"},""},
{20091016145422,N,
{0,0},1,2,1,2,1,I,"",0,
{"U"},""},
{20091016145425,N,
{0,0},1,2,2,3,1,I,"",0,
{"U"},""},
{20091016145431,C,
{2408a602df370,6046},1,2,2,3,3,I,"",0,
{"U"},""},
{20091016145431,U,
{2408a602df370,6046},1,2,2,3,4,I,"",1,
{"R",1:bef60015584a77b011deba423753e85c},"Сиськин"},
{20091016145431,C,
{2408a602df370,6046},1,2,2,3,5,I,"",0,
{"U"},""},
{20091016145455,N,
{0,0},1,2,2,4,1,I,"",0,
{"U"},""},
{20091016145455,R,
{2408a60319cf0,6188},1,2,2,4,3,I,"",0,
{"U"},""},
{20091016145456,R,
{2408a60319cf0,6188},1,2,2,4,7,I,"",0,
{"U"},""},
{20091016145505,N,
{0,0},1,2,2,3,2,I,"",0,
{"U"},""},
{20091016145507,N,
{0,0},1,2,1,2,2,I,"",0,
{"U"},""},
{20091016145537,N,
{0,0},1,2,2,5,1,I,"",0,
{"U"},""},
{20091016145537,C,
{2408a60380590,62c3},1,2,2,5,3,I,"",0,
{"U"},""},
{20091016145537,U,
{2408a60380590,62c3},1,2,2,5,6,I,"",1,
{"R",1:bef60015584a77b011deba426f64b4c4},"Сиськин"},
{20091016145537,C,
{2408a60380590,62c3},1,2,2,5,5,I,"",0,
{"U"},""},
{20091016145601,N,
{0,0},1,2,2,6,1,I,"",0,
{"U"},""},
{20091016145606,N,
{0,0},1,2,2,6,2,I,"",0,
{"U"},""},
{20091016150126,N,
{0,0},1,2,2,7,1,I,"",0,
{"U"},""},
{20091016150129,U,
{2408a606dbb90,6477},1,2,2,7,3,I,"",0,
{"U"},""},
{20091016150129,U,
{2408a606dbb90,6477},1,2,2,7,4,I,"",1,
{"R",1:bef60015584a77b011deba426f64b4c4},"Сиськин"},
{20091016150129,U,
{2408a606dbb90,6477},1,2,2,7,6,I,"",1,
{"R",1:bef60015584a77b011deba4340dc9b7a},"Сиськин"},
{20091016150159,N,
{0,0},1,2,2,8,1,I,"",0,
{"U"},""},
{20091016150200,R,
{2408a60727680,65ea},1,2,2,8,3,I,"",0,
{"U"},""},
{20091016150220,R,
{2408a60727680,65ea},1,2,2,8,7,I,"",0,
{"U"},""},
{20091016150247,N,
{0,0},1,2,2,9,1,I,"",0,
{"U"},""},
{20091016150247,R,
{2408a6079a270,66b3},1,2,2,9,3,I,"",0,
{"U"},""},
{20091016150307,R,
{2408a6079a270,66b3},1,2,2,9,7,I,"",0,
{"U"},""},
{20091016151541,N,
{0,0},1,2,2,1,1,I,"",0,
{"U"},""},
{20091016151541,C,
{2408a60efbcd0,677c},1,2,2,1,3,I,"",0,
{"U"},""},
{20091016151541,U,
{2408a60efbcd0,677c},1,2,2,1,4,I,"",1,
{"R",1:bef60015584a77b011deba426f64b4c4},"Сиськин"},
{20091016151541,U,
{2408a60efbcd0,677c},1,2,2,1,6,I,"",1,
{"R",1:87a00015584a77b011deba453ccb472c},"Сиськин"},
{20091016151541,C,
{2408a60efbcd0,677c},1,2,2,1,5,I,"",0,
{"U"},""},
{20091016151610,N,
{0,0},1,2,2,2,1,I,"",0,
{"U"},""},
{20091016151610,C,
{2408a60f429a0,6937},1,2,2,2,3,I,"",0,
{"U"},""},
{20091016151610,U,
{2408a60f429a0,6937},1,2,2,2,4,I,"",1,
{"R",1:87a00015584a77b011deba453ccb472c},"Сиськин"},
{20091016151610,U,
{2408a60f429a0,6937},1,2,2,2,6,I,"",1,
{"R",1:87a00015584a77b011deba454e33523e},"Сиськин"},
{20091016151610,C,
{2408a60f429a0,6937},1,2,2,2,5,I,"",0,
{"U"},""},
{20091016151714,N,
{0,0},1,2,2,3,1,I,"",0,
{"U"},""},
{20091016151715,C,
{2408a60fe14b0,6af2},1,2,2,3,3,I,"",0,
{"U"},""},
{20091016151715,U,
{2408a60fe14b0,6af2},1,2,2,3,4,I,"",1,
{"R",1:87a00015584a77b011deba454e33523e},"Сиськин"},
{20091016151715,U,
{2408a60fe14b0,6af2},1,2,2,3,6,I,"",1,
{"R",1:87a00015584a77b011deba4574ac648c},"Сиськин"},
{20091016151715,C,
{2408a60fe14b0,6af2},1,2,2,3,5,I,"",0,
{"U"},""},
{20091016151747,N,
{0,0},1,2,2,4,1,I,"",0,
{"U"},""},
{20091016151747,C,
{2408a6102f6b0,6cad},1,2,2,4,3,I,"",0,
{"U"},""},
{20091016151747,U,
{2408a6102f6b0,6cad},1,2,2,4,4,I,"",1,
{"R",1:87a00015584a77b011deba4574ac648c},"Сиськин"},
{20091016151747,U,
{2408a6102f6b0,6cad},1,2,2,4,6,I,"",1,
{"R",1:87a00015584a77b011deba458801f664},"Сиськин"},
{20091016151747,C,
{2408a6102f6b0,6cad},1,2,2,4,5,I,"",0,
{"U"},""},
{20091016151825,N,
{0,0},1,2,2,5,1,I,"",0,
{"U"},""},
{20091016151825,C,
{2408a6108c310,6e68},1,2,2,5,3,I,"",0,
{"U"},""},
{20091016151825,U,
{2408a6108c310,6e68},1,2,2,5,4,I,"",1,
{"R",1:87a00015584a77b011deba458801f664},"Сиськин"},
{20091016151825,U,
{2408a6108c310,6e68},1,2,2,5,6,I,"",1,
{"R",1:87a00015584a77b011deba459ec9ae50},"Сиськин"},
{20091016151825,C,
{2408a6108c310,6e68},1,2,2,5,5,I,"",0,
{"U"},""},
{20091016153359,N,
{0,0},1,2,2,6,1,I,"",0,
{"U"},""},
{20091016153359,C,
{2408a61974770,7023},1,2,2,6,3,I,"",0,
{"U"},""},
{20091016153359,U,
{2408a61974770,7023},1,2,2,6,4,I,"",1,
{"R",1:87a00015584a77b011deba459ec9ae50},"Сиськин"},
{20091016153359,U,
{2408a61974770,7023},1,2,2,6,6,I,"",1,
{"R",1:87a00015584a77b011deba47cb2ea9d6},"Сиськин"},
{20091016153359,C,
{2408a61974770,7023},1,2,2,6,5,I,"",0,
{"U"},""},
{20091016153428,N,
{0,0},1,2,2,7,1,I,"",0,
{"U"},""},
{20091016153428,R,
{2408a619bb440,71de},1,2,2,7,3,I,"",0,
{"U"},""},
{20091016153428,U,
{2408a619bb440,71de},1,2,2,7,4,I,"",1,
{"R",1:87a00015584a77b011deba47cb2ea9d6},"Сиськин"},
{20091016153428,U,
{2408a619bb440,71de},1,2,2,7,6,I,"",1,
{"R",1:87a00015584a77b011deba47dce30028},"Сиськин"},
{20091016153429,R,
{2408a619bb440,71de},1,2,2,7,7,I,"",0,
{"U"},""},
{20091016153703,N,
{0,0},1,2,2,8,1,I,"",0,
{"U"},""},
{20091016153703,C,
{2408a61b35af0,7399},1,2,2,8,3,I,"",0,
{"U"},""},
{20091016153703,U,
{2408a61b35af0,7399},1,2,2,8,4,I,"",1,
{"R",1:87a00015584a77b011deba47cb2ea9d6},"Сиськин"},
{20091016153703,U,
{2408a61b35af0,7399},1,2,2,8,6,I,"",1,
{"R",1:87a00015584a77b011deba483943e373},"Сиськин"},
{20091016153703,C,
{2408a61b35af0,7399},1,2,2,8,5,I,"",0,
{"U"},""},
{20091016153928,N,
{0,0},1,2,2,9,1,I,"",0,
{"U"},""},
{20091016153928,R,
{2408a61c97b00,7554},1,2,2,9,3,I,"",0,
{"U"},""},
{20091016153928,U,
{2408a61c97b00,7554},1,2,2,9,4,I,"",1,
{"R",1:87a00015584a77b011deba483943e373},"Сиськин"},
{20091016153928,U,
{2408a61c97b00,7554},1,2,2,9,6,I,"",1,
{"R",1:87a00015584a77b011deba488f7a4bdd},"Сиськин"},
{20091016153928,R,
{2408a61c97b00,7554},1,2,2,9,7,I,"",0,
{"U"},""},
{20091016154143,N,
{0,0},1,2,2,10,1,I,"",0,
{"U"},""},
{20091016154144,R,
{2408a61de3b80,7710},1,2,2,10,3,I,"",0,
{"U"},""},
{20091016154144,U,
{2408a61de3b80,7710},1,2,2,10,4,I,"",1,
{"R",1:87a00015584a77b011deba483943e373},"Сиськин"},
{20091016154144,U,
{2408a61de3b80,7710},1,2,2,10,6,I,"",1,
{"R",1:87a00015584a77b011deba48e0451bab},"Сиськин"},
{20091016154144,R,
{2408a61de3b80,7710},1,2,2,10,7,I,"",0,
{"U"},""},
{20091016154211,N,
{0,0},1,2,2,11,1,I,"",0,
{"U"},""},
{20091016154211,R,
{2408a61e25a30,78d0},1,2,2,11,3,I,"",0,
{"U"},""},
{20091016154211,U,
{2408a61e25a30,78d0},1,2,2,11,4,I,"",1,
{"R",1:87a00015584a77b011deba483943e373},"Сиськин"},
{20091016154211,U,
{2408a61e25a30,78d0},1,2,2,11,6,I,"",1,
{"R",1:87a00015584a77b011deba48f0b79487},"Сиськин"},
{20091016154211,R,
{2408a61e25a30,78d0},1,2,2,11,7,I,"",0,
{"U"},""},
{20091016154359,N,
{0,0},1,2,2,12,1,I,"",0,
{"U"},""},
{20091016154359,C,
{2408a61f2d4f0,7a90},1,2,2,12,3,I,"",0,
{"U"},""},
{20091016154359,U,
{2408a61f2d4f0,7a90},1,2,2,12,4,I,"",1,
{"R",1:87a00015584a77b011deba483943e373},"Сиськин"},
{20091016154359,U,
{2408a61f2d4f0,7a90},1,2,2,12,6,I,"",1,
{"R",1:87a00015584a77b011deba49313d5e4c},"Сиськин"},
{20091016154400,C,
{2408a61f2d4f0,7a90},1,2,2,12,5,I,"",0,
{"U"},""},
{20091016155459,N,
{0,0},1,2,2,1,1,I,"",0,
{"U"},""},
{20091016155459,C,
{2408a62578a30,7c4f},1,2,2,1,3,I,"",0,
{"U"},""},
{20091016155459,U,
{2408a62578a30,7c4f},1,2,2,1,4,I,"",1,
{"R",1:87a00015584a77b011deba49313d5e4c},"Сиськин"},
{20091016155459,U,
{2408a62578a30,7c4f},1,2,2,1,6,I,"",1,
{"R",1:b4500015584a77b011deba4aba4d95bc},"Сиськин"},
{20091016155459,C,
{2408a62578a30,7c4f},1,2,2,1,5,I,"",0,
{"U"},""},
{20091016155532,N,
{0,0},1,2,2,2,1,I,"",0,
{"U"},""},
{20091016155532,R,
{2408a625c9340,7e0a},1,2,2,2,3,I,"",0,
{"U"},""},
{20091016155532,U,
{2408a625c9340,7e0a},1,2,2,2,4,I,"",1,
{"R",1:b4500015584a77b011deba4aba4d95bc},"Сиськин"},
{20091016155532,U,
{2408a625c9340,7e0a},1,2,2,2,6,I,"",1,
{"R",1:b4500015584a77b011deba4ace395bba},"Сиськин"},
{20091016155532,R,
{2408a625c9340,7e0a},1,2,2,2,7,I,"",0,
{"U"},""},
{20091016155606,N,
{0,0},1,2,2,3,1,I,"",0,
{"U"},""},
{20091016155606,R,
{2408a6261c360,7fc5},1,2,2,3,3,I,"",0,
{"U"},""},
{20091016155606,U,
{2408a6261c360,7fc5},1,2,2,3,4,I,"",1,
{"R",1:b4500015584a77b011deba4aba4d95bc},"Сиськин"},
{20091016155606,U,
{2408a6261c360,7fc5},1,2,2,3,6,I,"",1,
{"R",1:b4500015584a77b011deba4ae23f5b96},"Сиськин"},
{20091016155606,R,
{2408a6261c360,7fc5},1,2,2,3,7,I,"",0,
{"U"},""},
{20091016155629,N,
{0,0},1,2,2,4,1,I,"",0,
{"U"},""},
{20091016155629,C,
{2408a626545d0,8180},1,2,2,4,3,I,"",0,
{"U"},""},
{20091016155629,U,
{2408a626545d0,8180},1,2,2,4,4,I,"",1,
{"R",1:b4500015584a77b011deba4aba4d95bc},"Сиськин"},
{20091016155629,U,
{2408a626545d0,8180},1,2,2,4,6,I,"",1,
{"R",1:b4500015584a77b011deba4af0164202},"Сиськин"},
{20091016155629,C,
{2408a626545d0,8180},1,2,2,4,5,I,"",0,
{"U"},""},
{20091016155728,N,
{0,0},1,2,2,5,1,I,"",0,
{"U"},""},
{20091016155729,C,
{2408a626e6d90,833b},1,2,2,5,3,I,"",0,
{"U"},""},
{20091016155729,U,
{2408a626e6d90,833b},1,2,2,5,4,I,"",1,
{"R",1:b4500015584a77b011deba4af0164202},"Сиськин"},
{20091016155729,U,
{2408a626e6d90,833b},1,2,2,5,6,I,"",1,
{"R",1:b4500015584a77b011deba4b13815100},"Сиськин"},
{20091016155729,C,
{2408a626e6d90,833b},1,2,2,5,5,I,"",0,
{"U"},""},
{20091016155748,N,
{0,0},1,2,2,6,1,I,"",0,
{"U"},""},
{20091016155748,C,
{2408a627153c0,84f6},1,2,2,6,3,I,"",0,
{"U"},""},
{20091016155748,U,
{2408a627153c0,84f6},1,2,2,6,4,I,"",1,
{"R",1:b4500015584a77b011deba4b13815100},"Сиськин"},
{20091016155748,U,
{2408a627153c0,84f6},1,2,2,6,6,I,"",1,
{"R",1:b4500015584a77b011deba4b1f042b88},"Сиськин"},
{20091016155748,C,
{2408a627153c0,84f6},1,2,2,6,5,I,"",0,
{"U"},""},
{20091016161918,N,
{0,0},1,2,2,7,1,I,"",0,
{"U"},""},
{20091016161918,R,
{2408a63362a60,86b1},1,2,2,7,3,I,"",0,
{"U"},""},
{20091016161918,U,
{2408a63362a60,86b1},1,2,2,7,4,I,"",1,
{"R",1:b4500015584a77b011deba4b1f042b88},"Сиськин"},
{20091016161918,U,
{2408a63362a60,86b1},1,2,2,7,6,I,"",1,
{"R",1:b4500015584a77b011deba4e2048659c},"Сиськин"},
{20091016161919,R,
{2408a63362a60,86b1},1,2,2,7,7,I,"",0,
{"U"},""},
{20091016161955,N,
{0,0},1,2,2,8,1,I,"",0,
{"U"},""},
{20091016161955,C,
{2408a633bcfb0,886c},1,2,2,8,3,I,"",0,
{"U"},""},
{20091016161955,U,
{2408a633bcfb0,886c},1,2,2,8,4,I,"",1,
{"R",1:b4500015584a77b011deba4b1f042b88},"Сиськин"},
{20091016161955,U,
{2408a633bcfb0,886c},1,2,2,8,6,I,"",1,
{"R",1:b4500015584a77b011deba4e36199738},"Сиськин"},
{20091016161955,C,
{2408a633bcfb0,886c},1,2,2,8,5,I,"",0,
{"U"},""},
{20091016162415,N,
{0,0},1,2,2,9,1,I,"",0,
{"U"},""},
{20091016162415,C,
{2408a63637bf0,8a27},1,2,2,9,3,I,"",0,
{"U"},""},
{20091016162415,U,
{2408a63637bf0,8a27},1,2,2,9,4,I,"",1,
{"R",1:b4500015584a77b011deba4e36199738},"Сиськин"},
{20091016162415,U,
{2408a63637bf0,8a27},1,2,2,9,6,I,"",1,
{"R",1:b4500015584a77b011deba4ed143753a},"Сиськин"},
{20091016162416,C,
{2408a63637bf0,8a27},1,2,2,9,5,I,"",0,
{"U"},""},
{20091016162454,N,
{0,0},1,2,2,10,1,I,"",0,
{"U"},""},
{20091016162454,R,
{2408a63696f60,8be3},1,2,2,10,3,I,"",0,
{"U"},""},
{20091016162454,U,
{2408a63696f60,8be3},1,2,2,10,4,I,"",1,
{"R",1:b4500015584a77b011deba4ed143753a},"Сиськин"},
{20091016162454,U,
{2408a63696f60,8be3},1,2,2,10,6,I,"",1,
{"R",1:b4500015584a77b011deba4ee83b86dd},"Сиськин"},
{20091016162454,R,
{2408a63696f60,8be3},1,2,2,10,7,I,"",0,
{"U"},""},
{20091016163206,N,
{0,0},1,2,2,11,1,I,"",0,
{"U"},""},
{20091016163207,C,
{2408a63ab8170,8da3},1,2,2,11,3,I,"",0,
{"U"},""},
{20091016163207,U,
{2408a63ab8170,8da3},1,2,2,11,4,I,"",1,
{"R",1:b4500015584a77b011deba4ed143753a},"Сиськин"},
{20091016163207,U,
{2408a63ab8170,8da3},1,2,2,11,6,I,"",1,
{"R",1:b4500015584a77b011deba4fea26aada},"Сиськин"},
{20091016163207,C,
{2408a63ab8170,8da3},1,2,2,11,5,I,"",0,
{"U"},""},
{20091016163816,N,
{0,0},1,2,2,12,1,I,"",0,
{"U"},""},
{20091016163817,R,
{2408a63e3f690,8f63},1,2,2,12,3,I,"",0,
{"U"},""},
{20091016163817,U,
{2408a63e3f690,8f63},1,2,2,12,4,I,"",1,
{"R",1:b4500015584a77b011deba4fea26aada},"Сиськин"},
{20091016163817,U,
{2408a63e3f690,8f63},1,2,2,12,6,I,"",1,
{"R",1:b4500015584a77b011deba50c6abfa46},"Сиськин"},
{20091016163817,R,
{2408a63e3f690,8f63},1,2,2,12,7,I,"",0,
{"U"},""},
{20091016164519,N,
{0,0},1,2,2,13,1,I,"",0,
{"U"},""},
{20091016164520,R,
{2408a64248200,9123},1,2,2,13,3,I,"",0,
{"U"},""},
{20091016164520,U,
{2408a64248200,9123},1,2,2,13,4,I,"",1,
{"R",1:b4500015584a77b011deba4fea26aada},"Сиськин"},
{20091016164520,U,
{2408a64248200,9123},1,2,2,13,6,I,"",1,
{"R",1:b4500015584a77b011deba51c2ccfe9c},"Сиськин"},
{20091016164520,R,
{2408a64248200,9123},1,2,2,13,7,I,"",0,
{"U"},""},
{20091016164541,N,
{0,0},1,2,2,14,1,I,"",0,
{"U"},""},
{20091016164541,R,
{2408a6427b650,92e3},1,2,2,14,3,I,"",0,
{"U"},""},
{20091016164541,U,
{2408a6427b650,92e3},1,2,2,14,4,I,"",1,
{"R",1:b4500015584a77b011deba4fea26aada},"Сиськин"},
{20091016164541,U,
{2408a6427b650,92e3},1,2,2,14,6,I,"",1,
{"R",1:b4500015584a77b011deba51cf89e7ad},"Сиськин"},
{20091016164541,R,
{2408a6427b650,92e3},1,2,2,14,7,I,"",0,
{"U"},""},
{20091016164556,N,
{0,0},1,2,2,15,1,I,"",0,
{"U"},""},
{20091016164556,R,
{2408a642a0040,94a3},1,2,2,15,3,I,"",0,
{"U"},""},
{20091016164556,U,
{2408a642a0040,94a3},1,2,2,15,4,I,"",1,
{"R",1:b4500015584a77b011deba4fea26aada},"Сиськин"},
{20091016164556,U,
{2408a642a0040,94a3},1,2,2,15,6,I,"",1,
{"R",1:b4500015584a77b011deba51d855ec1f},"Сиськин"},
{20091016164556,R,
{2408a642a0040,94a3},1,2,2,15,7,I,"",0,
{"U"},""},
{20091016170910,N,
{0,0},1,2,2,1,1,I,"",0,
{"U"},""},
{20091016170910,C,
{2408a64feb560,9662},1,2,2,1,3,I,"",0,
{"U"},""},
{20091016170910,U,
{2408a64feb560,9662},1,2,2,1,4,I,"",1,
{"R",1:b4500015584a77b011deba4fea26aada},"Сиськин"},
{20091016170910,U,
{2408a64feb560,9662},1,2,2,1,6,I,"",1,
{"R",1:a32e0015584a77b011deba55178866b2},"Сиськин"},
{20091016170910,C,
{2408a64feb560,9662},1,2,2,1,5,I,"",0,
{"U"},""},
{20091016170941,N,
{0,0},1,2,2,2,1,I,"",0,
{"U"},""},
{20091016170941,C,
{2408a65037050,981d},1,2,2,2,3,I,"",0,
{"U"},""},
{20091016170942,U,
{2408a65037050,981d},1,2,2,2,4,I,"",1,
{"R",1:a32e0015584a77b011deba55178866b2},"Сиськин"},
{20091016170942,U,
{2408a65037050,981d},1,2,2,2,6,I,"",1,
{"R",1:a32e0015584a77b011deba552a2b282c},"Сиськин"},
{20091016170942,C,
{2408a65037050,981d},1,2,2,2,5,I,"",0,
{"U"},""},
{20091016171834,N,
{0,0},1,2,2,1,1,I,"",0,
{"U"},""},
{20091016171834,C,
{2408a6554c4a0,99d8},1,2,2,1,3,I,"",0,
{"U"},""},
{20091016171834,U,
{2408a6554c4a0,99d8},1,2,2,1,4,I,"",1,
{"R",1:a32e0015584a77b011deba552a2b282c},"Сиськин"},
{20091016171834,U,
{2408a6554c4a0,99d8},1,2,2,1,6,I,"",1,
{"R",1:93720015584a77b011deba5667b37ed1},"Сиськин"},
{20091016171834,C,
{2408a6554c4a0,99d8},1,2,2,1,5,I,"",0,
{"U"},""},
{20091021224038,N,
{0,0},1,2,2,1,1,I,"",0,
{"U"},""},
{20091021224038,C,
{2408b72575860,9b93},1,2,2,1,3,I,"",0,
{"U"},""},
{20091021224038,U,
{2408b72575860,9b93},1,2,2,1,4,I,"",1,
{"R",1:93720015584a77b011deba5667b37ed1},"Сиськин"},
{20091021224038,U,
{2408b72575860,9b93},1,2,2,1,6,I,"",1,
{"R",1:ba300015584a77b011debe7139827e24},"Сиськин"},
{20091021224038,C,
{2408b72575860,9b93},1,2,2,1,5,I,"",0,
{"U"},""},
{20091021224323,N,
{0,0},1,2,2,2,1,I,"",0,
{"U"},""},
{20091021224323,C,
{2408b727085b0,9d4e},1,2,2,2,3,I,"",0,
{"U"},""},
{20091021224323,U,
{2408b727085b0,9d4e},1,2,2,2,4,I,"",1,
{"R",1:ba300015584a77b011debe7139827e24},"Сиськин"},
{20091021224323,U,
{2408b727085b0,9d4e},1,2,2,2,6,I,"",1,
{"R",1:ba300015584a77b011debe719be9ccc0},"Сиськин"},
{20091021224323,C,
{2408b727085b0,9d4e},1,2,2,2,5,I,"",0,
{"U"},""},
{20091021224803,N,
{0,0},1,2,2,3,1,I,"",0,
{"U"},""},
{20091021225314,C,
{2408b72cab3a0,9f09},1,2,2,3,3,I,"",0,
{"U"},""},
{20091021225314,U,
{2408b72cab3a0,9f09},1,2,2,3,4,I,"",1,
{"R",1:ba300015584a77b011debe719be9ccc0},"Сиськин"},
{20091021225314,C,
{2408b72cab3a0,9f09},1,2,2,3,5,I,"",0,
{"U"},""},
{20091021225325,N,
{0,0},1,2,2,4,1,I,"",0,
{"U"},""},
{20091021225326,C,
{2408b72cc8860,a04b},1,2,2,4,3,I,"",0,
{"U"},""},
{20091021225326,U,
{2408b72cc8860,a04b},1,2,2,4,6,I,"",1,
{"R",1:ba300015584a77b011debe73032095df},"Сиськин"},
{20091021225326,C,
{2408b72cc8860,a04b},1,2,2,4,5,I,"",0,
{"U"},""},
{20091021225351,C,
{2408b72d058f0,a154},1,2,2,3,3,I,"",0,
{"U"},""},
{20091021225351,U,
{2408b72d058f0,a154},1,2,2,3,4,I,"",1,
{"R",1:ba300015584a77b011debe73032095df},"Сиськин"},
{20091021225351,C,
{2408b72d058f0,a154},1,2,2,3,5,I,"",0,
{"U"},""},
{20091021225421,N,
{0,0},1,2,2,5,1,I,"",0,
{"U"},""},
{20091021225421,C,
{2408b72d4ecd0,a296},1,2,2,5,3,I,"",0,
{"U"},""},
{20091021225421,C,
{2408b72d4ecd0,a296},1,2,2,5,5,I,"",0,
{"U"},""},
{20091021225604,N,
{0,0},1,2,2,6,1,I,"",0,
{"U"},""},
{20091021225604,R,
{2408b72e4a440,a35f},1,2,2,6,3,I,"",0,
{"U"},""},
{20091021225620,R,
{2408b72e4a440,a35f},1,2,2,6,7,I,"",0,
{"U"},""},
{20091021225650,N,
{0,0},1,2,2,7,1,I,"",0,
{"U"},""},
{20091021225650,C,
{2408b72eba920,a428},1,2,2,7,3,I,"",0,
{"U"},""},
{20091021225650,U,
{2408b72eba920,a428},1,2,2,7,6,I,"",1,
{"R",1:ba300015584a77b011debe737cd52017},"Сиськин"},
{20091021225656,C,
{2408b72eba920,a428},1,2,2,7,5,I,"",0,
{"U"},""},
{20091021225921,C,
{2408b7302b390,a531},1,2,2,3,3,I,"",0,
{"U"},""},
{20091021225921,U,
{2408b7302b390,a531},1,2,2,3,4,I,"",1,
{"R",1:ba300015584a77b011debe737cd52017},"Сиськин"},
{20091021225921,C,
{2408b7302b390,a531},1,2,2,3,5,I,"",0,
{"U"},""},
{20091021225943,N,
{0,0},1,2,2,2,2,I,"",0,
{"U"},""},
{20091021225943,N,
{0,0},1,2,2,1,2,I,"",0,
{"U"},""},
{20091021225951,N,
{0,0},1,2,2,8,1,I,"",0,
{"U"},""},
{20091021225951,C,
{2408b73074770,a6e5},1,2,2,8,3,I,"",0,
{"U"},""},
{20091021225951,U,
{2408b73074770,a6e5},1,2,2,8,6,I,"",1,
{"R",1:ba300015584a77b011debe73e8b2c3e3},"Сиськин"},
{20091021225954,C,
{2408b73074770,a6e5},1,2,2,8,5,I,"",0,
{"U"},""},
{20091021230019,C,
{2408b730b8d30,a7ee},1,2,2,3,3,I,"",0,
{"U"},""},
{20091021230019,U,
{2408b730b8d30,a7ee},1,2,2,3,4,I,"",1,
{"R",1:ba300015584a77b011debe73e8b2c3e3},"Сиськин"},
{20091021230019,C,
{2408b730b8d30,a7ee},1,2,2,3,5,I,"",0,
{"U"},""},
{20091021230036,N,
{0,0},1,2,2,9,1,I,"",0,
{"U"},""},
{20091021230037,R,
{2408b730e4c50,a930},1,2,2,9,3,I,"",0,
{"U"},""},
{20091021230045,R,
{2408b730e4c50,a930},1,2,2,9,7,I,"",0,
{"U"},""},
{20091021230133,N,
{0,0},1,2,2,10,1,I,"",0,
{"U"},""},
{20091021230133,C,
{2408b7316d7d0,a9fa},1,2,2,10,3,I,"",0,
{"U"},""},
{20091021230133,U,
{2408b7316d7d0,a9fa},1,2,2,10,6,I,"",1,
{"R",1:ba300015584a77b011debe7425ea04b5},"Сиськин"},
{20091021230141,C,
{2408b7316d7d0,a9fa},1,2,2,10,5,I,"",0,
{"U"},""},
{20091021230221,C,
{2408b731e2ad0,ab06},1,2,2,3,3,I,"",0,
{"U"},""},
{20091021230221,U,
{2408b731e2ad0,ab06},1,2,2,3,4,I,"",1,
{"R",1:ba300015584a77b011debe7425ea04b5},"Сиськин"},
{20091021230221,C,
{2408b731e2ad0,ab06},1,2,2,3,5,I,"",0,
{"U"},""},
{20091021230227,N,
{0,0},1,2,2,11,1,I,"",0,
{"U"},""},
{20091021230228,C,
{2408b731f3c40,ac49},1,2,2,11,3,I,"",0,
{"U"},""},
{20091021230228,U,
{2408b731f3c40,ac49},1,2,2,11,6,I,"",1,
{"R",1:ba300015584a77b011debe744625af77},"Сиськин"},
{20091021230234,C,
{2408b731f3c40,ac49},1,2,2,11,5,I,"",0,
{"U"},""},
{20091021230543,N,
{0,0},1,2,2,6,2,I,"",0,
{"U"},""},
{20091021230543,N,
{0,0},1,2,2,7,2,I,"",0,
{"U"},""},
{20091021230543,N,
{0,0},1,2,2,4,2,I,"",0,
{"U"},""},
{20091021230543,N,
{0,0},1,2,2,5,2,I,"",0,
{"U"},""},
{20091021231808,N,
{0,0},1,2,2,8,2,I,"",0,
{"U"},""},
{20091021231808,N,
{0,0},1,2,2,11,2,I,"",0,
{"U"},""},
{20091021231808,N,
{0,0},1,2,2,10,2,I,"",0,
{"U"},""},
{20091021231808,N,
{0,0},1,2,2,9,2,I,"",0,
{"U"},""},
{20091021232724,N,
{0,0},1,2,2,3,2,I,"",0,
{"U"},""},
{20091021233317,N,
{0,0},1,2,2,1,1,I,"",0,
{"U"},""},
{20091021233317,C,
{2408b74395ed0,af91},1,2,2,1,3,I,"",0,
{"U"},""},
{20091021233317,U,
{2408b74395ed0,af91},1,2,2,1,4,I,"",1,
{"R",1:ba300015584a77b011debe744625af77},"Сиськин"},
{20091021233317,U,
{2408b74395ed0,af91},1,2,2,1,6,I,"",1,
{"R",1:ba300015584a77b011debe7894c1883d},"Сиськин"},
{20091021233318,C,
{2408b74395ed0,af91},1,2,2,1,5,I,"",0,
{"U"},""},
{20091101212726,N,
{0,0},1,2,2,1,1,I,"",0,
{"U"},""},
{20091101212731,C,
{2408da6357930,b14c},1,2,2,1,3,I,"",0,
{"U"},""},
{20091101212731,U,
{2408da6357930,b14c},1,2,2,1,4,I,"",1,
{"R",1:ba300015584a77b011debe7894c1883d},"Сиськин"},
{20091101212731,C,
{2408da6357930,b14c},1,2,2,1,5,I,"",0,
{"U"},""},
{20091101212802,N,
{0,0},1,2,2,2,1,I,"",0,
{"U"},""},
{20091101212802,C,
{2408da63a3420,b28e},1,2,2,2,3,I,"",0,
{"U"},""},
{20091101212802,U,
{2408da63a3420,b28e},1,2,2,2,6,I,"",1,
{"R",1:85490015584a77b011dec714495f27a5},"Сиськин"},
{20091101212802,C,
{2408da63a3420,b28e},1,2,2,2,5,I,"",0,
{"U"},""},
{20091101212836,C,
{2408da63f6440,b397},1,2,2,1,3,I,"",0,
{"U"},""},
{20091101212836,U,
{2408da63f6440,b397},1,2,2,1,4,I,"",1,
{"R",1:85490015584a77b011dec714495f27a5},"Сиськин"},
{20091101212836,C,
{2408da63f6440,b397},1,2,2,1,5,I,"",0,
{"U"},""},
{20091101212852,N,
{0,0},1,2,2,3,1,I,"",0,
{"U"},""},
{20091101212852,R,
{2408da641d540,b4d9},1,2,2,3,3,I,"",0,
{"U"},""},
{20091101212852,U,
{2408da641d540,b4d9},1,2,2,3,6,I,"",1,
{"R",1:85490015584a77b011dec714675e465a},"Сиськин"},
{20091101212852,R,
{2408da641d540,b4d9},1,2,2,3,7,I,"",0,
{"U"},""},
{20091101212918,N,
{0,0},1,2,2,4,1,I,"",0,
{"U"},""},
{20091101212918,C,
{2408da645cce0,b61b},1,2,2,4,3,I,"",0,
{"U"},""},
{20091101212918,U,
{2408da645cce0,b61b},1,2,2,4,6,I,"",1,
{"R",1:85490015584a77b011dec71476b53979},"Сиськин"},
{20091101212918,C,
{2408da645cce0,b61b},1,2,2,4,5,I,"",0,
{"U"},""},
{20091101212935,C,
{2408da64864f0,b724},1,2,2,1,3,I,"",0,
{"U"},""},
{20091101212935,U,
{2408da64864f0,b724},1,2,2,1,4,I,"",1,
{"R",1:85490015584a77b011dec71476b53979},"Сиськин"},
{20091101212935,C,
{2408da64864f0,b724},1,2,2,1,5,I,"",0,
{"U"},""},
{20091101213005,N,
{0,0},1,2,2,5,1,I,"",0,
{"U"},""},
{20091101213005,C,
{2408da64cf8d0,b866},1,2,2,5,3,I,"",0,
{"U"},""},
{20091101213005,U,
{2408da64cf8d0,b866},1,2,2,5,6,I,"",1,
{"R",1:85490015584a77b011dec71492f8ea0e},"Сиськин"},
{20091101213009,C,
{2408da64cf8d0,b866},1,2,2,5,5,I,"",0,
{"U"},""},
{20091101213024,N,
{0,0},1,2,2,1,2,I,"",0,
{"U"},""}