1CV8LOG_
38843b08-a6d3-42c9-8841-67e77e96f43e

{20090830171153,N,
{0,0},1,1,1,1,1,I,"",0,
{"U"},""},
{20090830172029,N,
{0,0},1,1,1,1,2,I,"",0,
{"U"},""},
{20090830172031,N,
{0,0},1,1,1,1,3,I,"Новый объект: Справочник.Номенклатура
Новый объект: Справочник.Контрагенты
Новый объект: Документ.Заказ",0,
{"U"},""},
{20090830172032,N,
{0,0},1,1,2,2,1,I,"",0,
{"U"},""},
{20090830172048,N,
{0,0},1,1,2,2,4,I,"",0,
{"U"},""},
{20090830172145,N,
{0,0},1,1,1,1,2,I,"",0,
{"U"},""},
{20090830172200,N,
{0,0},1,1,1,1,2,I,"",0,
{"U"},""},
{20090830172353,N,
{0,0},1,1,1,1,2,I,"",0,
{"U"},""},
{20090830172438,N,
{0,0},1,1,1,1,2,I,"",0,
{"U"},""},
{20090830172440,N,
{0,0},1,1,1,1,3,I,"",0,
{"U"},""},
{20090830172441,N,
{0,0},1,1,2,3,1,I,"",0,
{"U"},""},
{20090830172450,N,
{0,0},1,1,2,3,4,I,"",0,
{"U"},""},
{20090830172459,N,
{0,0},1,1,1,1,2,I,"",0,
{"U"},""},
{20090830172501,N,
{0,0},1,1,1,1,3,I,"",0,
{"U"},""},
{20090830172502,N,
{0,0},1,1,2,4,1,I,"",0,
{"U"},""},
{20090830172522,N,
{0,0},1,1,2,4,4,I,"",0,
{"U"},""},
{20090830172653,N,
{0,0},1,1,1,1,2,I,"",0,
{"U"},""},
{20090830172702,N,
{0,0},1,1,1,1,3,I,"Новый объект: Константа.AMQСтрокаСоединения
Новый объект: Константа.AMQОчередьДляПолучения
Новый объект: Константа.AMQОчередьДляОтправки
Новый объект: Константа.AMQПользователь
Новый объект: Константа.AMQПароль",0,
{"U"},""},
{20090830172703,N,
{0,0},1,1,2,5,1,I,"",0,
{"U"},""},
{20090830172708,C,
{24080f1364ac0,6b0},1,1,2,5,5,I,"",0,
{"U"},""},
{20090830172708,C,
{24080f1364ac0,6b0},1,1,2,5,6,I,"",0,
{"U"},""},
{20090830172741,C,
{24080f13b53d0,73e},1,1,2,5,5,I,"",0,
{"U"},""},
{20090830172741,U,
{24080f13b53d0,73e},1,1,2,5,7,I,"",1,
{"U"},""},
{20090830172741,U,
{24080f13b53d0,73e},1,1,2,5,7,I,"",2,
{"U"},""},
{20090830172741,U,
{24080f13b53d0,73e},1,1,2,5,7,I,"",3,
{"U"},""},
{20090830172741,U,
{24080f13b53d0,73e},1,1,2,5,7,I,"",4,
{"U"},""},
{20090830172741,U,
{24080f13b53d0,73e},1,1,2,5,7,I,"",5,
{"U"},""},
{20090830172741,C,
{24080f13b53d0,73e},1,1,2,5,6,I,"",0,
{"U"},""},
{20090830172744,C,
{24080f13bc900,92f},1,1,2,5,5,I,"",0,
{"U"},""},
{20090830172744,C,
{24080f13bc900,92f},1,1,2,5,6,I,"",0,
{"U"},""},
{20090830172745,C,
{24080f13bf010,9bd},1,1,2,5,5,I,"",0,
{"U"},""},
{20090830172745,U,
{24080f13bf010,9bd},1,1,2,5,7,I,"",1,
{"U"},""},
{20090830172745,U,
{24080f13bf010,9bd},1,1,2,5,7,I,"",2,
{"U"},""},
{20090830172745,U,
{24080f13bf010,9bd},1,1,2,5,7,I,"",3,
{"U"},""},
{20090830172745,U,
{24080f13bf010,9bd},1,1,2,5,7,I,"",4,
{"U"},""},
{20090830172745,U,
{24080f13bf010,9bd},1,1,2,5,7,I,"",5,
{"U"},""},
{20090830172745,C,
{24080f13bf010,9bd},1,1,2,5,6,I,"",0,
{"U"},""},
{20090830172745,C,
{24080f13bf010,bae},1,1,2,5,5,I,"",0,
{"U"},""},
{20090830172745,U,
{24080f13bf010,bae},1,1,2,5,7,I,"",1,
{"U"},""},
{20090830172746,U,
{24080f13bf010,bae},1,1,2,5,7,I,"",2,
{"U"},""},
{20090830172746,U,
{24080f13bf010,bae},1,1,2,5,7,I,"",3,
{"U"},""},
{20090830172746,U,
{24080f13bf010,bae},1,1,2,5,7,I,"",4,
{"U"},""},
{20090830172746,U,
{24080f13bf010,bae},1,1,2,5,7,I,"",5,
{"U"},""},
{20090830172746,C,
{24080f13bf010,bae},1,1,2,5,6,I,"",0,
{"U"},""},
{20090830172747,N,
{0,0},1,1,2,5,4,I,"",0,
{"U"},""},
{20090830172824,N,
{0,0},1,1,2,6,1,I,"",0,
{"U"},""},
{20090830172831,C,
{24080f142f4f0,e11},1,1,2,6,5,I,"",0,
{"U"},""},
{20090830172831,C,
{24080f142f4f0,e11},1,1,2,6,6,I,"",0,
{"U"},""},
{20090830172844,C,
{24080f144f0c0,e9f},1,1,2,6,5,I,"",0,
{"U"},""},
{20090830172844,U,
{24080f144f0c0,e9f},1,1,2,6,7,I,"",1,
{"U"},""},
{20090830172844,U,
{24080f144f0c0,e9f},1,1,2,6,7,I,"",2,
{"U"},""},
{20090830172844,U,
{24080f144f0c0,e9f},1,1,2,6,7,I,"",3,
{"U"},""},
{20090830172844,U,
{24080f144f0c0,e9f},1,1,2,6,7,I,"",4,
{"U"},""},
{20090830172844,U,
{24080f144f0c0,e9f},1,1,2,6,7,I,"",5,
{"U"},""},
{20090830172844,C,
{24080f144f0c0,e9f},1,1,2,6,6,I,"",0,
{"U"},""},
{20090830172845,N,
{0,0},1,1,2,6,4,I,"",0,
{"U"},""},
{20090830172847,N,
{0,0},1,1,1,1,2,I,"",0,
{"U"},""},
{20090830173256,N,
{0,0},1,1,1,1,2,I,"",0,
{"U"},""},
{20090830173304,N,
{0,0},1,1,1,1,2,I,"",0,
{"U"},""},
{20090830173323,N,
{0,0},1,1,1,1,2,I,"",0,
{"U"},""},
{20090830173349,N,
{0,0},1,1,1,1,2,I,"",0,
{"U"},""},
{20090830173350,N,
{0,0},1,1,1,1,3,I,"",0,
{"U"},""},
{20090830173351,N,
{0,0},1,1,2,7,1,I,"",0,
{"U"},""},
{20090830173359,N,
{0,0},1,1,2,7,8,E,"{Обработка.СогласованиеЗаказов.Форма.Форма(14)}: Значение не является значением объектного типа (Stop)",0,
{"U"},""},
{20090830173415,N,
{0,0},1,1,1,1,2,I,"",0,
{"U"},""},
{20090830173417,N,
{0,0},1,1,1,1,3,I,"",0,
{"U"},""},
{20090830173418,N,
{0,0},1,1,2,8,1,I,"",0,
{"U"},""},
{20090830173426,N,
{0,0},1,1,2,8,4,I,"",0,
{"U"},""},
{20090830173504,N,
{0,0},1,1,1,1,2,I,"",0,
{"U"},""},
{20090830173507,N,
{0,0},1,1,1,1,2,I,"",0,
{"U"},""},
{20090830173541,N,
{0,0},1,1,1,1,2,I,"",0,
{"U"},""},
{20090830173621,N,
{0,0},1,1,1,1,2,I,"",0,
{"U"},""},
{20090830174321,N,
{0,0},1,1,1,1,2,I,"",0,
{"U"},""},
{20090830183130,N,
{0,0},1,1,1,1,2,I,"",0,
{"U"},""},
{20090830183132,N,
{0,0},1,1,1,1,4,I,"",0,
{"U"},""},
{20090830191505,N,
{0,0},1,1,1,1,1,I,"",0,
{"U"},""},
{20090830192234,N,
{0,0},1,1,1,1,2,I,"",0,
{"U"},""},
{20090830192600,N,
{0,0},1,1,1,1,2,I,"",0,
{"U"},""},
{20090830192607,N,
{0,0},1,1,1,1,2,I,"",0,
{"U"},""},
{20090830192611,N,
{0,0},1,1,1,1,2,I,"",0,
{"U"},""},
{20090830192612,N,
{0,0},1,1,1,1,2,I,"",0,
{"U"},""},
{20090830193311,N,
{0,0},1,1,1,1,2,I,"",0,
{"U"},""},
{20090830193520,N,
{0,0},1,1,1,1,2,I,"",0,
{"U"},""},
{20090830193543,N,
{0,0},1,1,1,1,2,I,"",0,
{"U"},""},
{20090830193547,N,
{0,0},1,1,1,1,3,I,"",0,
{"U"},""},
{20090830193549,N,
{0,0},1,1,2,2,1,I,"",0,
{"U"},""},
{20090830193738,N,
{0,0},1,1,2,2,8,E,"{Обработка.СогласованиеЗаказов.Форма.Форма(91)}: ",0,
{"U"},""},
{20090830193900,N,
{0,0},1,1,1,1,2,I,"",0,
{"U"},""},
{20090830193902,N,
{0,0},1,1,1,1,3,I,"",0,
{"U"},""},
{20090830193903,N,
{0,0},1,1,2,3,1,I,"",0,
{"U"},""},
{20090830193928,N,
{0,0},1,1,1,1,2,I,"",0,
{"U"},""},
{20090830193931,N,
{0,0},1,1,1,1,3,I,"",0,
{"U"},""},
{20090830193932,N,
{0,0},1,1,2,4,1,I,"",0,
{"U"},""},
{20090830193947,N,
{0,0},1,1,2,4,8,E,"{Обработка.СогласованиеЗаказов.Форма.Форма(96)}: {Обработка.СогласованиеЗаказов.Форма.Форма(21)}: Ошибка при вызове метода контекста (Прочитать): Ошибка разбора XML:  - [1,1]
Фатальная ошибка: 
Invalid document structure ",0,
{"U"},""},
{20090830194101,N,
{0,0},1,1,2,4,8,E,"{Обработка.СогласованиеЗаказов.Форма.Форма(96)}: {Обработка.СогласованиеЗаказов.Форма.Форма(21)}: Ошибка при вызове метода контекста (Прочитать): Ошибка разбора XML:  - [1,1]
Фатальная ошибка: 
Invalid document structure ",0,
{"U"},""},
{20090830194122,N,
{0,0},1,1,1,1,2,I,"",0,
{"U"},""},
{20090830194123,N,
{0,0},1,1,1,1,3,I,"",0,
{"U"},""},
{20090830194125,N,
{0,0},1,1,2,5,1,I,"",0,
{"U"},""},
{20090830194142,N,
{0,0},1,1,2,5,8,E,"{Обработка.СогласованиеЗаказов.Форма.Форма(96)}: {Обработка.СогласованиеЗаказов.Форма.Форма(21)}: Ошибка при вызове метода контекста (Прочитать): Ошибка разбора XML:  - [1,1]
Фатальная ошибка: 
Invalid document structure ",0,
{"U"},""},
{20090830194644,N,
{0,0},1,1,2,5,4,I,"",0,
{"U"},""},
{20090830194652,N,
{0,0},1,1,2,6,1,I,"",0,
{"U"},""},
{20090830194707,N,
{0,0},1,1,2,6,8,E,"{Обработка.СогласованиеЗаказов.Форма.Форма(96)}: {Обработка.СогласованиеЗаказов.Форма.Форма(31)}: Ошибка при вызове метода контекста (ПрочитатьXML): Ошибка преобразования данных XML",0,
{"U"},""},
{20090830194722,N,
{0,0},1,1,2,6,8,E,"{Обработка.СогласованиеЗаказов.Форма.Форма(96)}: {Обработка.СогласованиеЗаказов.Форма.Форма(31)}: Ошибка при вызове метода контекста (ПрочитатьXML): Ошибка преобразования данных XML",0,
{"U"},""},
{20090830194731,N,
{0,0},1,1,2,6,8,E,"{Обработка.СогласованиеЗаказов.Форма.Форма(96)}: {Обработка.СогласованиеЗаказов.Форма.Форма(31)}: Ошибка при вызове метода контекста (ПрочитатьXML): Ошибка преобразования данных XML",0,
{"U"},""},
{20090830194734,N,
{0,0},1,1,2,6,8,E,"{Обработка.СогласованиеЗаказов.Форма.Форма(96)}: {Обработка.СогласованиеЗаказов.Форма.Форма(31)}: Ошибка при вызове метода контекста (ПрочитатьXML): Ошибка преобразования данных XML",0,
{"U"},""},
{20090830195102,N,
{0,0},1,1,1,1,2,I,"",0,
{"U"},""},
{20090830195104,N,
{0,0},1,1,1,1,3,I,"",0,
{"U"},""},
{20090830195105,N,
{0,0},1,1,2,7,1,I,"",0,
{"U"},""},
{20090830195114,N,
{0,0},1,1,2,7,8,E,"{Обработка.СогласованиеЗаказов.Форма.Форма(96)}: {Обработка.СогласованиеЗаказов.Форма.Форма(53)}: Ошибка при вызове метода контекста (Выполнить): {(2, 28)}: Таблица не найдена ""Документы.Заказ""
ВЫБРАТЬ ПЕРВЫЕ 1 Ссылка ИЗ <<?>>Документы.Заказ",0,
{"U"},""},
{20090830195130,N,
{0,0},1,1,1,1,2,I,"",0,
{"U"},""},
{20090830195250,N,
{0,0},1,1,1,1,2,I,"",0,
{"U"},""},
{20090830195252,N,
{0,0},1,1,1,1,3,I,"",0,
{"U"},""},
{20090830195253,N,
{0,0},1,1,2,8,1,I,"",0,
{"U"},""},
{20090830195258,N,
{0,0},1,1,2,8,8,E,"{Обработка.СогласованиеЗаказов.Форма.Форма(97)}: {Обработка.СогласованиеЗаказов.Форма.Форма(54)}: Ошибка при вызове метода контекста (Выполнить): {(3, 16)}: Не задано значение параметра ""Контрагент""
ГДЕ Контрагент=<<?>>&Контрагент И НомерЗаказа=&НомерЗаказа",0,
{"U"},""},
{20090830195553,N,
{0,0},1,1,1,1,2,I,"",0,
{"U"},""},
{20090830195555,N,
{0,0},1,1,1,1,3,I,"",0,
{"U"},""},
{20090830195556,N,
{0,0},1,1,2,9,1,I,"",0,
{"U"},""},
{20090830195602,N,
{0,0},1,1,2,9,8,E,"{Обработка.СогласованиеЗаказов.Форма.Форма(98)}: {Обработка.СогласованиеЗаказов.Форма.Форма(55)}: Ошибка при вызове метода контекста (Выполнить): {(3, 16)}: Не задано значение параметра ""Контрагент""
ГДЕ Контрагент=<<?>>&Контрагент И НомерЗаказа=&НомерЗаказа",0,
{"U"},""},
{20090830195925,N,
{0,0},1,1,1,1,2,I,"",0,
{"U"},""},
{20090830195926,N,
{0,0},1,1,1,1,3,I,"",0,
{"U"},""},
{20090830195928,N,
{0,0},1,1,2,10,1,I,"",0,
{"U"},""},
{20090830195943,N,
{0,0},1,1,2,10,8,E,"{Обработка.СогласованиеЗаказов.Форма.Форма(100)}: {Обработка.СогласованиеЗаказов.Форма.Форма(57)}: Ошибка при вызове метода контекста (Выполнить): {(3, 16)}: Не задано значение параметра ""Контрагент""
ГДЕ Контрагент=<<?>>&Контрагент И НомерЗаказа=&НомерЗаказа",0,
{"U"},""},
{20090830200229,N,
{0,0},1,1,1,1,2,I,"",0,
{"U"},""},
{20090830200255,N,
{0,0},1,1,1,1,2,I,"",0,
{"U"},""},
{20090830200303,N,
{0,0},1,1,1,1,2,I,"",0,
{"U"},""},
{20090830200304,N,
{0,0},1,1,1,1,3,I,"",0,
{"U"},""},
{20090830200305,N,
{0,0},1,1,2,11,1,I,"",0,
{"U"},""},
{20090830200310,N,
{0,0},1,1,2,11,8,E,"{Обработка.СогласованиеЗаказов.Форма.Форма(103)}: {Обработка.СогласованиеЗаказов.Форма.Форма(60)}: Ошибка при вызове метода контекста (Выполнить): {(3, 16)}: Не задано значение параметра ""Контрагент""
ГДЕ Контрагент=<<?>>&Контрагент И НомерЗаказа=&НомерЗаказа",0,
{"U"},""},
{20090830200326,N,
{0,0},1,1,2,11,4,I,"",0,
{"U"},""},
{20090830200355,N,
{0,0},1,1,1,1,2,I,"",0,
{"U"},""},
{20090830201304,N,
{0,0},1,1,1,1,2,I,"",0,
{"U"},""},
{20090830201307,N,
{0,0},1,1,1,1,3,I,"",0,
{"U"},""},
{20090830201308,N,
{0,0},1,1,2,12,1,I,"",0,
{"U"},""},
{20090830201314,N,
{0,0},1,1,2,12,8,E,"{Обработка.СогласованиеЗаказов.Форма.Форма(108)}: {Обработка.СогласованиеЗаказов.Форма.Форма(90)}: Значение не является значением объектного типа (Получить)",0,
{"U"},""},
{20090830201331,N,
{0,0},1,1,2,12,4,I,"",0,
{"U"},""},
{20090830201354,N,
{0,0},1,1,1,1,2,I,"",0,
{"U"},""},
{20090830201355,N,
{0,0},1,1,1,1,3,I,"",0,
{"U"},""},
{20090830201357,N,
{0,0},1,1,2,13,1,I,"",0,
{"U"},""},
{20090830201458,N,
{0,0},1,1,1,1,2,I,"",0,
{"U"},""},
{20090830201500,N,
{0,0},1,1,1,1,3,I,"",0,
{"U"},""},
{20090830201501,N,
{0,0},1,1,2,14,1,I,"",0,
{"U"},""},
{20090830201549,N,
{0,0},1,1,1,1,2,I,"",0,
{"U"},""},
{20090830202000,N,
{0,0},1,1,1,1,2,I,"",0,
{"U"},""},
{20090830202111,N,
{0,0},1,1,1,1,2,I,"",0,
{"U"},""},
{20090830202116,N,
{0,0},1,1,1,1,2,I,"",0,
{"U"},""},
{20090830202124,N,
{0,0},1,1,1,1,2,I,"",0,
{"U"},""},
{20090830202126,N,
{0,0},1,1,1,1,3,I,"",0,
{"U"},""},
{20090830202127,N,
{0,0},1,1,2,15,1,I,"",0,
{"U"},""},
{20090830202148,C,
{24080f77569c0,3991},1,1,2,15,5,I,"",0,
{"U"},""},
{20090830202148,U,
{24080f77569c0,3991},1,1,2,15,9,I,"",6,
{"R",2:a2c1001167558f6911de9581370dc0eb},"ЗАО ""Пупкин и Сыновья"""},
{20090830202148,C,
{24080f77569c0,3991},1,1,2,15,6,I,"",0,
{"U"},""},
{20090830202218,N,
{0,0},1,1,2,15,8,E,"{Обработка.СогласованиеЗаказов.Форма.Форма(124)}: {Обработка.СогласованиеЗаказов.Форма.Форма(100)}: Преобразование значения к типу Дата не может быть выполнено",0,
{"U"},""},
{20090830202445,N,
{0,0},1,1,1,1,2,I,"",0,
{"U"},""},
{20090830202447,N,
{0,0},1,1,1,1,3,I,"",0,
{"U"},""},
{20090830202448,N,
{0,0},1,1,2,16,1,I,"",0,
{"U"},""},
{20090830202453,N,
{0,0},1,1,2,16,8,E,"{Обработка.СогласованиеЗаказов.Форма.Форма(124)}: {Обработка.СогласованиеЗаказов.Форма.Форма(100)}: Преобразование значения к типу Дата не может быть выполнено",0,
{"U"},""},
{20090830202543,N,
{0,0},1,1,2,16,4,I,"",0,
{"U"},""},
{20090830203252,N,
{0,0},1,1,1,1,2,I,"",0,
{"U"},""},
{20090830203257,N,
{0,0},1,1,1,1,2,I,"",0,
{"U"},""},
{20090830203259,N,
{0,0},1,1,1,1,3,I,"",0,
{"U"},""},
{20090830203300,N,
{0,0},1,1,2,17,1,I,"",0,
{"U"},""},
{20090830203305,N,
{0,0},1,1,2,17,8,E,"{Обработка.СогласованиеЗаказов.Форма.Форма(147)}: {Обработка.СогласованиеЗаказов.Форма.Форма(92)}: Преобразование значения к типу Дата не может быть выполнено",0,
{"U"},""},
{20090830203314,N,
{0,0},1,1,2,17,4,I,"",0,
{"U"},""},
{20090830203323,N,
{0,0},1,1,1,1,2,I,"",0,
{"U"},""},
{20090830203324,N,
{0,0},1,1,1,1,3,I,"",0,
{"U"},""},
{20090830203325,N,
{0,0},1,1,2,18,1,I,"",0,
{"U"},""},
{20090830203331,N,
{0,0},1,1,2,18,8,E,"{Обработка.СогласованиеЗаказов.Форма.Форма(148)}: {Обработка.СогласованиеЗаказов.Форма.Форма(93)}: Преобразование значения к типу Дата не может быть выполнено",0,
{"U"},""},
{20090830203339,N,
{0,0},1,1,2,18,4,I,"",0,
{"U"},""},
{20090830203418,N,
{0,0},1,1,1,1,2,I,"",0,
{"U"},""},
{20090830203419,N,
{0,0},1,1,1,1,3,I,"",0,
{"U"},""},
{20090830203420,N,
{0,0},1,1,2,19,1,I,"",0,
{"U"},""},
{20090830203424,N,
{0,0},1,1,2,19,8,E,"{Обработка.СогласованиеЗаказов.Форма.Форма(148)}: {Обработка.СогласованиеЗаказов.Форма.Форма(93)}: Преобразование значения к типу Дата не может быть выполнено",0,
{"U"},""},
{20090830203529,N,
{0,0},1,1,1,1,2,I,"",0,
{"U"},""},
{20090830203531,N,
{0,0},1,1,1,1,3,I,"",0,
{"U"},""},
{20090830203532,N,
{0,0},1,1,2,20,1,I,"",0,
{"U"},""},
{20090830203536,N,
{0,0},1,1,2,20,8,E,"{Обработка.СогласованиеЗаказов.Форма.Форма(149)}: {Обработка.СогласованиеЗаказов.Форма.Форма(94)}: Преобразование значения к типу Дата не может быть выполнено",0,
{"U"},""},
{20090830203654,N,
{0,0},1,1,2,20,4,I,"",0,
{"U"},""},
{20090830203700,N,
{0,0},1,1,1,1,2,I,"",0,
{"U"},""},
{20090830203701,N,
{0,0},1,1,1,1,3,I,"",0,
{"U"},""},
{20090830203702,N,
{0,0},1,1,2,21,1,I,"",0,
{"U"},""},
{20090830203707,C,
{24080f801a430,47ed},1,1,2,21,5,I,"",0,
{"U"},""},
{20090830203707,U,
{24080f801a430,47ed},1,1,2,21,9,I,"",7,
{"R",3:a2c1001167558f6911de95835b01abd7},"Заказ 000000001 от 10.10.2009 0:00:00"},
{20090830203707,C,
{24080f801a430,47ed},1,1,2,21,6,I,"",0,
{"U"},""},
{20090830203730,N,
{0,0},1,1,2,21,4,I,"",0,
{"U"},""},
{20090830203736,N,
{0,0},1,1,1,1,2,I,"",0,
{"U"},""},
{20090830203747,N,
{0,0},1,1,1,1,2,I,"",0,
{"U"},""},
{20090830203749,N,
{0,0},1,1,1,1,2,I,"",0,
{"U"},""},
{20090830203807,N,
{0,0},1,1,1,1,2,I,"",0,
{"U"},""},
{20090830203807,N,
{0,0},1,1,1,1,3,I,"",0,
{"U"},""},
{20090830203808,N,
{0,0},1,1,2,22,1,I,"",0,
{"U"},""},
{20090830203820,C,
{24080f80cc7c0,4aa8},1,1,2,22,5,I,"",0,
{"U"},""},
{20090830203820,U,
{24080f80cc7c0,4aa8},1,1,2,22,9,I,"",8,
{"R",1:a2c1001167558f6911de9583864dc960},"Кеды"},
{20090830203820,C,
{24080f80cc7c0,4aa8},1,1,2,22,6,I,"",0,
{"U"},""},
{20090830203829,C,
{24080f80e2750,4bae},1,1,2,22,5,I,"",0,
{"U"},""},
{20090830203829,U,
{24080f80e2750,4bae},1,1,2,22,9,I,"",8,
{"R",1:a2c1001167558f6911de9583864dc961},"Туфли"},
{20090830203829,C,
{24080f80e2750,4bae},1,1,2,22,6,I,"",0,
{"U"},""},
{20090830203833,N,
{0,0},1,1,2,22,4,I,"",0,
{"U"},""},
{20090830204110,N,
{0,0},1,1,1,1,2,I,"",0,
{"U"},""},
{20090830204130,N,
{0,0},1,1,1,1,2,I,"",0,
{"U"},""},
{20090830204142,N,
{0,0},1,1,1,1,2,I,"",0,
{"U"},""},
{20090830204216,N,
{0,0},1,1,1,1,2,I,"",0,
{"U"},""},
{20090830204217,N,
{0,0},1,1,1,1,2,I,"",0,
{"U"},""},
{20090830204241,N,
{0,0},1,1,1,1,2,I,"",0,
{"U"},""},
{20090830204258,N,
{0,0},1,1,1,1,2,I,"",0,
{"U"},""},
{20090830205514,N,
{0,0},1,1,1,1,2,I,"",0,
{"U"},""},
{20090830205516,N,
{0,0},1,1,1,1,3,I,"",0,
{"U"},""},
{20090830205517,N,
{0,0},1,1,2,23,1,I,"",0,
{"U"},""},
{20090830205526,C,
{24080f8a955e0,4f2b},1,1,2,23,5,I,"",0,
{"U"},""},
{20090830205526,U,
{24080f8a955e0,4f2b},1,1,2,23,10,I,"",7,
{"R",3:a2c1001167558f6911de95835b01abd7},"Заказ 000000001 от 10.10.2009 0:00:00"},
{20090830205526,C,
{24080f8a955e0,4f2b},1,1,2,23,6,I,"",0,
{"U"},""},
{20090830205541,N,
{0,0},1,1,2,23,8,E,"{Обработка.СогласованиеЗаказов.Форма.Форма(185)}: {Обработка.СогласованиеЗаказов.Форма.Форма(110)}: Значение не является значением объектного типа (Получить)",0,
{"U"},""},
{20090830205626,N,
{0,0},1,1,1,1,2,I,"",0,
{"U"},""},
{20090830205628,N,
{0,0},1,1,1,1,3,I,"",0,
{"U"},""},
{20090830205629,N,
{0,0},1,1,2,24,1,I,"",0,
{"U"},""},
{20090830205639,N,
{0,0},1,1,2,24,8,E,"{Обработка.СогласованиеЗаказов.Форма.Форма(187)}: {Обработка.СогласованиеЗаказов.Форма.Форма(110)}: Значение не является значением объектного типа (Получить)",0,
{"U"},""},
{20090830205700,N,
{0,0},1,1,1,1,2,I,"",0,
{"U"},""},
{20090830205809,N,
{0,0},1,1,1,1,2,I,"",0,
{"U"},""},
{20090830205811,N,
{0,0},1,1,1,1,3,I,"",0,
{"U"},""},
{20090830205812,N,
{0,0},1,1,2,25,1,I,"",0,
{"U"},""},
{20090830205817,N,
{0,0},1,1,2,25,8,E,"{Обработка.СогласованиеЗаказов.Форма.Форма(190)}: {Обработка.СогласованиеЗаказов.Форма.Форма(111)}: Значение не является значением объектного типа (Получить)",0,
{"U"},""},
{20090830205836,N,
{0,0},1,1,1,1,2,I,"",0,
{"U"},""},
{20090830205837,N,
{0,0},1,1,1,1,3,I,"",0,
{"U"},""},
{20090830205838,N,
{0,0},1,1,2,26,1,I,"",0,
{"U"},""},
{20090830205845,R,
{24080f8c7b350,568f},1,1,2,26,5,I,"",0,
{"U"},""},
{20090830205845,R,
{24080f8c7b350,568f},1,1,2,26,11,I,"",0,
{"U"},""},
{20090830205845,N,
{0,0},1,1,2,26,8,E,"{Обработка.СогласованиеЗаказов.Форма.Форма(190)}: {Обработка.СогласованиеЗаказов.Форма.Форма(175)}: Ошибка при вызове метода контекста (Записать): Не задана дата документа",0,
{"U"},""},
{20090830205902,N,
{0,0},1,1,1,1,2,I,"",0,
{"U"},""},
{20090830205903,N,
{0,0},1,1,1,1,2,I,"",0,
{"U"},""},
{20090830205905,N,
{0,0},1,1,1,1,3,I,"",0,
{"U"},""},
{20090830205907,N,
{0,0},1,1,2,27,1,I,"",0,
{"U"},""},
{20090830205911,C,
{24080f8cbaaf0,5973},1,1,2,27,5,I,"",0,
{"U"},""},
{20090830205911,U,
{24080f8cbaaf0,5973},1,1,2,27,9,I,"",7,
{"R",3:a2c1001167558f6911de95867006d248},"Заказ 000000001 от 30.08.2009 20:59:11"},
{20090830205911,C,
{24080f8cbaaf0,5973},1,1,2,27,6,I,"",0,
{"U"},""},
{20090830205923,N,
{0,0},1,1,2,27,4,I,"",0,
{"U"},""},
{20090830205935,N,
{0,0},1,1,1,1,2,I,"",0,
{"U"},""},
{20090830205944,N,
{0,0},1,1,1,1,2,I,"",0,
{"U"},""},
{20090830205946,N,
{0,0},1,1,1,1,3,I,"",0,
{"U"},""},
{20090830205947,N,
{0,0},1,1,2,28,1,I,"",0,
{"U"},""},
{20090830205956,C,
{24080f8d288c0,5bbd},1,1,2,28,5,I,"",0,
{"U"},""},
{20090830205956,U,
{24080f8d288c0,5bbd},1,1,2,28,10,I,"",7,
{"R",3:a2c1001167558f6911de95867006d248},"Заказ 000000001 от 30.08.2009 20:59:11"},
{20090830205956,C,
{24080f8d288c0,5bbd},1,1,2,28,6,I,"",0,
{"U"},""},
{20090830210009,C,
{24080f8d48490,5ce9},1,1,2,28,5,I,"",0,
{"U"},""},
{20090830210009,U,
{24080f8d48490,5ce9},1,1,2,28,9,I,"",7,
{"R",3:a2c1001167558f6911de958692cccd28},"Заказ 000000002 от 30.08.2009 21:00:09"},
{20090830210009,C,
{24080f8d48490,5ce9},1,1,2,28,6,I,"",0,
{"U"},""},
{20090830210021,N,
{0,0},1,1,1,1,2,I,"",0,
{"U"},""},
{20090830210023,N,
{0,0},1,1,1,1,3,I,"",0,
{"U"},""},
{20090830210024,N,
{0,0},1,1,2,29,1,I,"",0,
{"U"},""},
{20090830210032,C,
{24080f8d80700,5ec0},1,1,2,29,5,I,"",0,
{"U"},""},
{20090830210032,U,
{24080f8d80700,5ec0},1,1,2,29,10,I,"",7,
{"R",3:a2c1001167558f6911de958692cccd28},"Заказ 000000002 от 30.08.2009 21:00:09"},
{20090830210032,C,
{24080f8d80700,5ec0},1,1,2,29,6,I,"",0,
{"U"},""},
{20090830210045,C,
{24080f8da02d0,5fec},1,1,2,29,5,I,"",0,
{"U"},""},
{20090830210045,U,
{24080f8da02d0,5fec},1,1,2,29,9,I,"",7,
{"R",3:a2c1001167558f6911de9586a7eba3c3},"Заказ 000000003 от 30.08.2009 21:00:45"},
{20090830210045,C,
{24080f8da02d0,5fec},1,1,2,29,6,I,"",0,
{"U"},""},
{20090830210121,N,
{0,0},1,1,2,29,4,I,"",0,
{"U"},""},
{20090830210506,N,
{0,0},1,1,1,1,2,I,"",0,
{"U"},""},
{20090830210508,N,
{0,0},1,1,1,1,3,I,"",0,
{"U"},""},
{20090830210509,N,
{0,0},1,1,2,30,1,I,"",0,
{"U"},""},
{20090830210514,C,
{24080f9030ea0,61fd},1,1,2,30,5,I,"",0,
{"U"},""},
{20090830210514,U,
{24080f9030ea0,61fd},1,1,2,30,10,I,"",7,
{"R",3:a2c1001167558f6911de9586a7eba3c3},"Заказ 000000003 от 30.08.2009 21:00:45"},
{20090830210514,C,
{24080f9030ea0,61fd},1,1,2,30,6,I,"",0,
{"U"},""},
{20090830210531,C,
{24080f905a6b0,6329},1,1,2,30,5,I,"",0,
{"U"},""},
{20090830210531,U,
{24080f905a6b0,6329},1,1,2,30,9,I,"",7,
{"R",3:a2c1001167558f6911de95875249bd37},"Заказ 000000004 от 30.08.2009 21:05:31"},
{20090830210531,C,
{24080f905a6b0,6329},1,1,2,30,6,I,"",0,
{"U"},""},
{20090830210552,C,
{24080f908db00,6454},1,1,2,30,5,I,"",0,
{"U"},""},
{20090830210552,U,
{24080f908db00,6454},1,1,2,30,9,I,"",7,
{"R",3:a2c1001167558f6911de95875249bd38},"Заказ 000000005 от 30.08.2009 21:05:52"},
{20090830210552,C,
{24080f908db00,6454},1,1,2,30,6,I,"",0,
{"U"},""},
{20090830210639,N,
{0,0},1,1,1,1,2,I,"",0,
{"U"},""},
{20090830210648,C,
{24080f9116680,65b8},1,1,2,30,5,I,"",0,
{"U"},""},
{20090830210648,U,
{24080f9116680,65b8},1,1,2,30,10,I,"",7,
{"R",3:a2c1001167558f6911de95875249bd38},"Заказ 000000005 от 30.08.2009 21:05:52"},
{20090830210648,C,
{24080f9116680,65b8},1,1,2,30,6,I,"",0,
{"U"},""},
{20090830210650,N,
{0,0},1,1,1,1,2,I,"",0,
{"U"},""},
{20090830210652,N,
{0,0},1,1,1,1,3,I,"",0,
{"U"},""},
{20090830210654,N,
{0,0},1,1,2,31,1,I,"",0,
{"U"},""},
{20090830210715,N,
{0,0},1,1,1,1,2,I,"",0,
{"U"},""},
{20090830210717,N,
{0,0},1,1,1,1,3,I,"",0,
{"U"},""},
{20090830210718,N,
{0,0},1,1,2,32,1,I,"",0,
{"U"},""},
{20090830210739,C,
{24080f9192eb0,683c},1,1,2,32,5,I,"",0,
{"U"},""},
{20090830210739,U,
{24080f9192eb0,683c},1,1,2,32,9,I,"",7,
{"R",3:a2c1001167558f6911de95879e8902cf},"Заказ 000000005 от 30.08.2009 21:07:38"},
{20090830210739,C,
{24080f9192eb0,683c},1,1,2,32,6,I,"",0,
{"U"},""},
{20090830210826,N,
{0,0},1,1,1,1,2,I,"",0,
{"U"},""},
{20090830210828,N,
{0,0},1,1,1,1,3,I,"",0,
{"U"},""},
{20090830210829,N,
{0,0},1,1,2,33,1,I,"",0,
{"U"},""},
{20090830210835,C,
{24080f921ba30,6a13},1,1,2,33,5,I,"",0,
{"U"},""},
{20090830210835,U,
{24080f921ba30,6a13},1,1,2,33,10,I,"",7,
{"R",3:a2c1001167558f6911de95879e8902cf},"Заказ 000000005 от 30.08.2009 21:07:38"},
{20090830210835,C,
{24080f921ba30,6a13},1,1,2,33,6,I,"",0,
{"U"},""},
{20090830210848,C,
{24080f923b600,6b3f},1,1,2,33,5,I,"",0,
{"U"},""},
{20090830210848,U,
{24080f923b600,6b3f},1,1,2,33,9,I,"",7,
{"R",3:a2c1001167558f6911de9587c826365c},"Заказ 000000006 от 30.08.2009 21:08:48"},
{20090830210848,C,
{24080f923b600,6b3f},1,1,2,33,6,I,"",0,
{"U"},""},
{20090830210906,C,
{24080f9267520,6c6a},1,1,2,33,5,I,"",0,
{"U"},""},
{20090830210906,U,
{24080f9267520,6c6a},1,1,2,33,10,I,"",7,
{"R",3:a2c1001167558f6911de9587c826365c},"Заказ 000000006 от 30.08.2009 21:08:48"},
{20090830210906,C,
{24080f9267520,6c6a},1,1,2,33,6,I,"",0,
{"U"},""},
{20090830210908,N,
{0,0},1,1,1,1,2,I,"",0,
{"U"},""},
{20090830210913,N,
{0,0},1,1,2,34,1,I,"",0,
{"U"},""},
{20090830211200,C,
{24080f9410200,6e09},1,1,2,34,5,I,"",0,
{"U"},""},
{20090830211200,U,
{24080f9410200,6e09},1,1,2,34,9,I,"",7,
{"R",3:a2c1001167558f6911de95883a1c854a},"Заказ 000000005 от 30.08.2009 21:11:59"},
{20090830211200,C,
{24080f9410200,6e09},1,1,2,34,6,I,"",0,
{"U"},""},
{20090830211201,N,
{0,0},1,1,2,34,4,I,"",0,
{"U"},""},
{20090830211203,N,
{0,0},1,1,1,1,2,I,"",0,
{"U"},""},
{20090830211203,N,
{0,0},1,1,1,1,3,I,"",0,
{"U"},""},
{20090830211205,N,
{0,0},1,1,2,35,1,I,"",0,
{"U"},""},
{20090830211422,N,
{0,0},1,1,1,1,2,I,"",0,
{"U"},""},
{20090830211427,N,
{0,0},1,1,1,1,3,I,"",0,
{"U"},""},
{20090830211428,N,
{0,0},1,1,2,36,1,I,"",0,
{"U"},""},
{20090830211432,N,
{0,0},1,1,2,36,4,I,"",0,
{"U"},""},
{20090830211447,N,
{0,0},1,1,1,1,2,I,"",0,
{"U"},""},
{20090830211450,N,
{0,0},1,1,1,1,3,I,"",0,
{"U"},""},
{20090830211451,N,
{0,0},1,1,2,37,1,I,"",0,
{"U"},""},
{20090830211501,C,
{24080f95ca050,71ac},1,1,2,37,5,I,"",0,
{"U"},""},
{20090830211501,U,
{24080f95ca050,71ac},1,1,2,37,10,I,"",7,
{"R",3:a2c1001167558f6911de95883a1c854a},"Заказ 000000005 от 30.08.2009 21:11:59"},
{20090830211501,C,
{24080f95ca050,71ac},1,1,2,37,6,I,"",0,
{"U"},""},
{20090830211533,N,
{0,0},1,1,2,37,8,E,"{Обработка.СогласованиеЗаказов.Форма.Форма(183)}: {Обработка.СогласованиеЗаказов.Форма.Форма(150)}: Ошибка при вызове метода контекста (Очистить): Объект недоступен для изменения.",0,
{"U"},""},
{20090830211546,N,
{0,0},1,1,2,37,4,I,"",0,
{"U"},""},
{20090830211718,N,
{0,0},1,1,1,1,2,I,"",0,
{"U"},""},
{20090830211719,N,
{0,0},1,1,1,1,3,I,"",0,
{"U"},""},
{20090830211720,N,
{0,0},1,1,2,38,1,I,"",0,
{"U"},""},
{20090830211726,N,
{0,0},1,1,2,38,8,E,"{Обработка.СогласованиеЗаказов.Форма.Форма(184)}: {Обработка.СогласованиеЗаказов.Форма.Форма(150)}: Поле объекта недоступно для записи (Проведен)",0,
{"U"},""},
{20090830211732,N,
{0,0},1,1,2,38,4,I,"",0,
{"U"},""},
{20090830211916,N,
{0,0},1,1,1,1,2,I,"",0,
{"U"},""},
{20090830211917,N,
{0,0},1,1,1,1,3,I,"",0,
{"U"},""},
{20090830211918,N,
{0,0},1,1,2,39,1,I,"",0,
{"U"},""},
{20090830211929,N,
{0,0},1,1,2,39,8,E,"{Обработка.СогласованиеЗаказов.Форма.Форма(195)}: {Обработка.СогласованиеЗаказов.Форма.Форма(150)}: Метод объекта не обнаружен (Заблокировать)",0,
{"U"},""},
{20090830211936,N,
{0,0},1,1,2,39,8,E,"{Обработка.СогласованиеЗаказов.Форма.Форма(195)}: {Обработка.СогласованиеЗаказов.Форма.Форма(150)}: Метод объекта не обнаружен (Заблокировать)",0,
{"U"},""},
{20090830211957,N,
{0,0},1,1,1,1,2,I,"",0,
{"U"},""},
{20090830211959,N,
{0,0},1,1,1,1,3,I,"",0,
{"U"},""},
{20090830212000,N,
{0,0},1,1,2,40,1,I,"",0,
{"U"},""},
{20090830212006,N,
{0,0},1,1,2,40,8,E,"{Обработка.СогласованиеЗаказов.Форма.Форма(196)}: {Обработка.СогласованиеЗаказов.Форма.Форма(150)}: Поле объекта не обнаружено (ЭтотОбъект)",0,
{"U"},""},
{20090830212027,N,
{0,0},1,1,1,1,2,I,"",0,
{"U"},""},
{20090830212029,N,
{0,0},1,1,1,1,3,I,"",0,
{"U"},""},
{20090830212030,N,
{0,0},1,1,2,41,1,I,"",0,
{"U"},""},
{20090830212033,N,
{0,0},1,1,2,41,4,I,"",0,
{"U"},""},
{20090830212038,N,
{0,0},1,1,1,1,2,I,"",0,
{"U"},""},
{20090830212040,N,
{0,0},1,1,1,1,3,I,"",0,
{"U"},""},
{20090830212041,N,
{0,0},1,1,2,42,1,I,"",0,
{"U"},""},
{20090830212049,C,
{24080f991ba10,7d3c},1,1,2,42,5,I,"",0,
{"U"},""},
{20090830212049,U,
{24080f991ba10,7d3c},1,1,2,42,10,I,"",7,
{"R",3:a2c1001167558f6911de95875249bd37},"Заказ 000000004 от 30.08.2009 21:05:31"},
{20090830212049,C,
{24080f991ba10,7d3c},1,1,2,42,6,I,"",0,
{"U"},""},
{20090830212058,C,
{24080f99319a0,7e68},1,1,2,42,5,I,"",0,
{"U"},""},
{20090830212058,U,
{24080f99319a0,7e68},1,1,2,42,9,I,"",7,
{"R",3:a2c1001167558f6911de95897b0bd163},"Заказ 000000005 от 30.08.2009 21:20:58"},
{20090830212058,C,
{24080f99319a0,7e68},1,1,2,42,6,I,"",0,
{"U"},""},
{20090830212116,N,
{0,0},1,1,2,42,8,E,"{Обработка.СогласованиеЗаказов.Форма.Форма(196)}: {Обработка.СогласованиеЗаказов.Форма.Форма(149)}: Поле объекта не обнаружено (ЭтотОбъект)",0,
{"U"},""},
{20090830212119,N,
{0,0},1,1,2,42,8,E,"{Обработка.СогласованиеЗаказов.Форма.Форма(196)}: {Обработка.СогласованиеЗаказов.Форма.Форма(149)}: Поле объекта не обнаружено (ЭтотОбъект)",0,
{"U"},""},
{20090830213554,N,
{0,0},1,1,1,1,2,I,"",0,
{"U"},""},
{20090830213607,N,
{0,0},1,1,1,1,2,I,"",0,
{"U"},""},
{20090830213620,N,
{0,0},1,1,1,1,2,I,"",0,
{"U"},""},
{20090830213621,N,
{0,0},1,1,1,1,3,I,"",0,
{"U"},""},
{20090830213622,N,
{0,0},1,1,2,43,1,I,"",0,
{"U"},""},
{20090830213636,C,
{24080fa223a40,8315},1,1,2,43,5,I,"",0,
{"U"},""},
{20090830213636,U,
{24080fa223a40,8315},1,1,2,43,7,I,"",7,
{"R",3:a2c1001167558f6911de95897b0bd163},"Заказ 000000005 от 30.08.2009 21:36:36"},
{20090830213636,C,
{24080fa223a40,8315},1,1,2,43,6,I,"",0,
{"U"},""},
{20090830213706,C,
{24080fa26ce20,8440},1,1,2,43,5,I,"",0,
{"U"},""},
{20090830213706,U,
{24080fa26ce20,8440},1,1,2,43,7,I,"",7,
{"R",3:a2c1001167558f6911de95897b0bd163},"Заказ 000000005 от 30.08.2009 21:37:05"},
{20090830213706,C,
{24080fa26ce20,8440},1,1,2,43,6,I,"",0,
{"U"},""},
{20090830213731,C,
{24080fa2a9eb0,856b},1,1,2,43,5,I,"",0,
{"U"},""},
{20090830213731,U,
{24080fa2a9eb0,856b},1,1,2,43,7,I,"",7,
{"R",3:a2c1001167558f6911de95897b0bd163},"Заказ 000000005 от 30.08.2009 21:37:31"},
{20090830213731,C,
{24080fa2a9eb0,856b},1,1,2,43,6,I,"",0,
{"U"},""},
{20090830213750,C,
{24080fa2d84e0,8696},1,1,2,43,5,I,"",0,
{"U"},""},
{20090830213750,U,
{24080fa2d84e0,8696},1,1,2,43,7,I,"",7,
{"R",3:a2c1001167558f6911de95897b0bd163},"Заказ 000000005 от 30.08.2009 21:37:50"},
{20090830213750,C,
{24080fa2d84e0,8696},1,1,2,43,6,I,"",0,
{"U"},""},
{20090830213804,N,
{0,0},1,1,1,1,2,I,"",0,
{"U"},""},
{20090830213806,N,
{0,0},1,1,1,1,3,I,"",0,
{"U"},""},
{20090830213807,N,
{0,0},1,1,2,44,1,I,"",0,
{"U"},""},
{20090830213914,N,
{0,0},1,1,2,44,4,I,"",0,
{"U"},""},
{20090830213924,N,
{0,0},1,1,1,1,2,I,"",0,
{"U"},""},
{20090830213958,N,
{0,0},1,1,1,1,3,I,"",0,
{"U"},""},
{20090830214000,N,
{0,0},1,1,2,45,1,I,"",0,
{"U"},""},
{20090830214049,N,
{0,0},1,1,1,1,2,I,"",0,
{"U"},""},
{20090830214051,N,
{0,0},1,1,1,1,2,I,"",0,
{"U"},""},
{20090830214242,N,
{0,0},1,1,1,1,2,I,"",0,
{"U"},""},
{20090830214330,N,
{0,0},1,1,1,1,2,I,"",0,
{"U"},""},
{20090830214334,N,
{0,0},1,1,1,1,3,I,"Объект изменен: Справочник.Номенклатура",0,
{"U"},""},
{20090830214335,N,
{0,0},1,1,2,46,1,I,"",0,
{"U"},""},
{20090830214337,N,
{0,0},1,1,2,46,4,I,"",0,
{"U"},""},
{20090830214408,N,
{0,0},1,1,1,1,2,I,"",0,
{"U"},""},
{20090830214411,N,
{0,0},1,1,1,1,3,I,"",0,
{"U"},""},
{20090830214412,N,
{0,0},1,1,2,47,1,I,"",0,
{"U"},""},
{20090830214433,C,
{24080fa6b0310,8bda},1,1,2,47,5,I,"",0,
{"U"},""},
{20090830214433,U,
{24080fa6b0310,8bda},1,1,2,47,7,I,"",8,
{"R",1:a2c1001167558f6911de9583864dc960},"Кеды"},
{20090830214433,C,
{24080fa6b0310,8bda},1,1,2,47,6,I,"",0,
{"U"},""},
{20090830214438,C,
{24080fa6bc660,8ce0},1,1,2,47,5,I,"",0,
{"U"},""},
{20090830214438,U,
{24080fa6bc660,8ce0},1,1,2,47,7,I,"",8,
{"R",1:a2c1001167558f6911de9583864dc961},"Туфли"},
{20090830214438,C,
{24080fa6bc660,8ce0},1,1,2,47,6,I,"",0,
{"U"},""},
{20090830214444,C,
{24080fa6cb0c0,8de8},1,1,2,47,5,I,"",0,
{"U"},""},
{20090830214444,U,
{24080fa6cb0c0,8de8},1,1,2,47,10,I,"",7,
{"R",3:a2c1001167558f6911de95897b0bd163},"Заказ 000000005 от 30.08.2009 21:37:50"},
{20090830214444,C,
{24080fa6cb0c0,8de8},1,1,2,47,6,I,"",0,
{"U"},""},
{20090830214501,N,
{0,0},1,1,2,47,8,E,"{Обработка.СогласованиеЗаказов.Форма.Форма(198)}: {Обработка.СогласованиеЗаказов.Форма.Форма(150)}: Ошибка при вызове метода контекста (ПолучитьОбъект): Элемент не выбран!",0,
{"U"},""},
{20090830214509,N,
{0,0},1,1,2,47,8,E,"{Обработка.СогласованиеЗаказов.Форма.Форма(198)}: {Обработка.СогласованиеЗаказов.Форма.Форма(150)}: Ошибка при вызове метода контекста (ПолучитьОбъект): Элемент не выбран!",0,
{"U"},""},
{20090830214516,N,
{0,0},1,1,2,47,8,E,"{Обработка.СогласованиеЗаказов.Форма.Форма(198)}: {Обработка.СогласованиеЗаказов.Форма.Форма(150)}: Ошибка при вызове метода контекста (ПолучитьОбъект): Элемент не выбран!",0,
{"U"},""},
{20090830214610,N,
{0,0},1,1,2,48,1,I,"",0,
{"U"},""},
{20090830214705,N,
{0,0},1,1,1,1,2,I,"",0,
{"U"},""},
{20090830214707,N,
{0,0},1,1,1,1,2,I,"",0,
{"U"},""},
{20090830214708,N,
{0,0},1,1,2,48,8,E,"{Обработка.СогласованиеЗаказов.Форма.Форма(198)}: {Обработка.СогласованиеЗаказов.Форма.Форма(150)}: Ошибка при вызове метода контекста (ПолучитьОбъект): Элемент не выбран!",0,
{"U"},""},
{20090830214712,N,
{0,0},1,1,2,48,4,I,"",0,
{"U"},""},
{20090830214713,N,
{0,0},1,1,1,1,3,I,"",0,
{"U"},""},
{20090830214714,N,
{0,0},1,1,2,49,1,I,"",0,
{"U"},""},
{20090830214720,C,
{24080fa847e80,961d},1,1,2,49,5,I,"",0,
{"U"},""},
{20090830214720,U,
{24080fa847e80,961d},1,1,2,49,9,I,"",7,
{"R",3:a2c1001167558f6911de958d2a05a7ef},"Заказ 000000001 от 30.08.2009 21:47:20"},
{20090830214720,C,
{24080fa847e80,961d},1,1,2,49,6,I,"",0,
{"U"},""},
{20090830214815,C,
{24080fa8ce2f0,9748},1,1,2,49,5,I,"",0,
{"U"},""},
{20090830214815,U,
{24080fa8ce2f0,9748},1,1,2,49,7,I,"",7,
{"R",3:a2c1001167558f6911de958d2a05a7ef},"Заказ 000000001 от 30.08.2009 21:48:15"},
{20090830214815,C,
{24080fa8ce2f0,9748},1,1,2,49,6,I,"",0,
{"U"},""},
{20090830214827,N,
{0,0},1,1,2,49,4,I,"",0,
{"U"},""},
{20090830214830,N,
{0,0},1,1,1,1,4,I,"",0,
{"U"},""},
{20090901223601,N,
{0,0},1,1,1,1,1,I,"",0,
{"U"},""},
{20090901225409,N,
{0,0},1,1,1,1,2,I,"",0,
{"U"},""},
{20090901225502,N,
{0,0},1,1,1,1,2,I,"",0,
{"U"},""},
{20090901225505,N,
{0,0},1,1,1,1,2,I,"",0,
{"U"},""},
{20090901225522,N,
{0,0},1,1,1,1,2,I,"",0,
{"U"},""},
{20090901225523,N,
{0,0},1,1,1,1,2,I,"",0,
{"U"},""},
{20090901225530,N,
{0,0},1,1,1,1,3,I,"",0,
{"U"},""},
{20090901225532,N,
{0,0},1,1,2,2,1,I,"",0,
{"U"},""},
{20090901225541,C,
{2408163f571d0,9aae},1,1,2,2,5,I,"",0,
{"U"},""},
{20090901225541,U,
{2408163f571d0,9aae},1,1,2,2,10,I,"",7,
{"R",3:a2c1001167558f6911de958d2a05a7ef},"Заказ 000000001 от 30.08.2009 21:48:15"},
{20090901225541,C,
{2408163f571d0,9aae},1,1,2,2,6,I,"",0,
{"U"},""},
{20090901225602,C,
{2408163f8a620,9bd7},1,1,2,2,5,I,"",0,
{"U"},""},
{20090901225602,U,
{2408163f8a620,9bd7},1,1,2,2,9,I,"",7,
{"R",3:a881001167558f6911de97291784286a},"Заказ 000000002 от 01.09.2009 22:56:02"},
{20090901225602,C,
{2408163f8a620,9bd7},1,1,2,2,6,I,"",0,
{"U"},""},
{20090901225645,C,
{2408163ff35d0,9cff},1,1,2,2,5,I,"",0,
{"U"},""},
{20090901225645,U,
{2408163ff35d0,9cff},1,1,2,2,7,I,"",7,
{"R",3:a881001167558f6911de97291784286a},"Заказ 000000002 от 01.09.2009 22:56:02"},
{20090901225645,C,
{2408163ff35d0,9cff},1,1,2,2,6,I,"",0,
{"U"},""},
{20090901225650,C,
{2408163fff920,9e27},1,1,2,2,5,I,"",0,
{"U"},""},
{20090901225650,U,
{2408163fff920,9e27},1,1,2,2,7,I,"",7,
{"R",3:a881001167558f6911de97291784286a},"Заказ 000000002 от 01.09.2009 22:56:50"},
{20090901225650,U,
{2408163fff920,9e27},1,1,2,2,12,I,"",7,
{"R",3:a881001167558f6911de97291784286a},"Заказ 000000002 от 01.09.2009 22:56:50"},
{20090901225650,C,
{2408163fff920,9e27},1,1,2,2,6,I,"",0,
{"U"},""},
{20090902005621,N,
{0,0},1,1,2,2,4,I,"",0,
{"U"},""},
{20090902005626,N,
{0,0},1,1,1,1,4,I,"",0,
{"U"},""},
{20090902203544,N,
{0,0},1,1,1,1,1,I,"",0,
{"U"},""},
{20090902204204,N,
{0,0},1,1,2,2,1,I,"",0,
{"U"},""},
{20090902204215,C,
{2408192af6b70,a0cc},1,1,2,2,5,I,"",0,
{"U"},""},
{20090902204215,U,
{2408192af6b70,a0cc},1,1,2,2,10,I,"",7,
{"R",3:a881001167558f6911de97291784286a},"Заказ 000000002 от 01.09.2009 22:56:50"},
{20090902204215,C,
{2408192af6b70,a0cc},1,1,2,2,6,I,"",0,
{"U"},""},
{20090902204313,C,
{2408192b84510,a1f5},1,1,2,2,5,I,"",0,
{"U"},""},
{20090902204313,U,
{2408192b84510,a1f5},1,1,2,2,9,I,"",7,
{"R",3:ba4a001167558f6911de97dfb45ec4fd},"Заказ 000000003 от 02.09.2009 20:43:13"},
{20090902204313,C,
{2408192b84510,a1f5},1,1,2,2,6,I,"",0,
{"U"},""},
{20090902204345,N,
{0,0},1,1,2,2,4,I,"",0,
{"U"},""},
{20090902204530,N,
{0,0},1,1,1,1,2,I,"",0,
{"U"},""},
{20090902204532,N,
{0,0},1,1,1,1,3,I,"",0,
{"U"},""},
{20090902204534,N,
{0,0},1,1,2,3,1,I,"",0,
{"U"},""},
{20090902204547,N,
{0,0},1,1,2,3,4,I,"",0,
{"U"},""},
{20090902204605,N,
{0,0},1,1,1,1,2,I,"",0,
{"U"},""},
{20090902204622,N,
{0,0},1,1,1,1,2,I,"",0,
{"U"},""},
{20090902204623,N,
{0,0},1,1,1,1,3,I,"",0,
{"U"},""},
{20090902204625,N,
{0,0},1,1,2,4,1,I,"",0,
{"U"},""},
{20090902204636,N,
{0,0},1,1,2,4,4,I,"",0,
{"U"},""},
{20090902205224,N,
{0,0},1,1,1,1,2,I,"",0,
{"U"},""},
{20090902205605,N,
{0,0},1,1,1,1,2,I,"",0,
{"U"},""},
{20090902205608,N,
{0,0},1,1,1,1,2,I,"",0,
{"U"},""},
{20090902205816,N,
{0,0},1,1,1,1,2,I,"",0,
{"U"},""},
{20090902205819,N,
{0,0},1,1,1,1,3,I,"",0,
{"U"},""},
{20090902205821,N,
{0,0},1,1,2,5,1,I,"",0,
{"U"},""},
{20090902205832,C,
{2408193447f80,a6ad},1,1,2,5,5,I,"",0,
{"U"},""},
{20090902205832,U,
{2408193447f80,a6ad},1,1,2,5,7,I,"",7,
{"R",3:ba4a001167558f6911de97dfb45ec4fd},"Заказ 000000003 от 02.09.2009 20:43:13"},
{20090902205832,C,
{2408193447f80,a6ad},1,1,2,5,6,I,"",0,
{"U"},""},
{20090902205835,N,
{0,0},1,1,2,5,8,E,"{Обработка.СогласованиеЗаказов.Форма.Форма(269)}: {Обработка.СогласованиеЗаказов.Форма.Форма(225)}: Ошибка при вызове метода контекста (ЗаписатьТекст): Несоответствие типов (параметр номер '1')",0,
{"U"},""},
{20090902205911,N,
{0,0},1,1,1,1,2,I,"",0,
{"U"},""},
{20090902205913,N,
{0,0},1,1,1,1,3,I,"",0,
{"U"},""},
{20090902205915,N,
{0,0},1,1,2,6,1,I,"",0,
{"U"},""},
{20090902205929,N,
{0,0},1,1,2,6,4,I,"",0,
{"U"},""},
{20090902205936,N,
{0,0},1,1,1,1,2,I,"",0,
{"U"},""},
{20090902205937,N,
{0,0},1,1,1,1,3,I,"",0,
{"U"},""},
{20090902205938,N,
{0,0},1,1,2,7,1,I,"",0,
{"U"},""},
{20090902210049,N,
{0,0},1,1,2,7,4,I,"",0,
{"U"},""},
{20090902210121,N,
{0,0},1,1,1,1,2,I,"",0,
{"U"},""},
{20090902210123,N,
{0,0},1,1,1,1,3,I,"",0,
{"U"},""},
{20090902210124,N,
{0,0},1,1,2,8,1,I,"",0,
{"U"},""},
{20090902210307,N,
{0,0},1,1,2,8,4,I,"",0,
{"U"},""},
{20090902210309,N,
{0,0},1,1,1,1,2,I,"",0,
{"U"},""},
{20090902210310,N,
{0,0},1,1,1,1,2,I,"",0,
{"U"},""},
{20090902210311,N,
{0,0},1,1,1,1,4,I,"",0,
{"U"},""},
{20090902213506,N,
{0,0},1,1,1,1,1,I,"",0,
{"U"},""},
{20090902213526,N,
{0,0},1,1,1,1,2,I,"",0,
{"U"},""},
{20090902213528,N,
{0,0},1,1,2,2,1,I,"",0,
{"U"},""},
{20090902222605,N,
{0,0},1,1,1,1,4,I,"",0,
{"U"},""},
{20090902222608,N,
{0,0},1,1,2,2,4,I,"",0,
{"U"},""},
{20090904222411,N,
{0,0},1,1,1,1,1,I,"",0,
{"U"},""},
{20090904223310,N,
{0,0},1,1,2,2,1,I,"",0,
{"U"},""},
{20090904223321,C,
{24081fda7c210,ae4c},1,1,2,2,5,I,"",0,
{"U"},""},
{20090904223321,U,
{24081fda7c210,ae4c},1,1,2,2,10,I,"",7,
{"R",3:ba4a001167558f6911de97dfb45ec4fd},"Заказ 000000003 от 02.09.2009 20:43:13"},
{20090904223321,C,
{24081fda7c210,ae4c},1,1,2,2,6,I,"",0,
{"U"},""},
{20090904223634,C,
{24081fdc53520,af75},1,1,2,2,5,I,"",0,
{"U"},""},
{20090904223634,U,
{24081fdc53520,af75},1,1,2,2,9,I,"",7,
{"R",3:9fb3001167558f6911de9981dea4ad4c},"Заказ 000000004 от 04.09.2009 22:36:34"},
{20090904223634,C,
{24081fdc53520,af75},1,1,2,2,6,I,"",0,
{"U"},""},
{20090904223634,N,
{0,0},1,1,2,2,8,E,"{Обработка.СогласованиеЗаказов.Форма.Форма(201)}: {Обработка.СогласованиеЗаказов.Форма.Форма(188)}: {Обработка.СогласованиеЗаказов.Форма.Форма(110)}: Значение не является значением объектного типа (Получить)",0,
{"U"},""},
{20090904223651,C,
{24081fdc7cd30,b248},1,1,2,2,5,I,"",0,
{"U"},""},
{20090904223651,U,
{24081fdc7cd30,b248},1,1,2,2,7,I,"",7,
{"R",3:9fb3001167558f6911de9981dea4ad4c},"Заказ 000000004 от 04.09.2009 22:36:51"},
{20090904223651,C,
{24081fdc7cd30,b248},1,1,2,2,6,I,"",0,
{"U"},""},
{20090904223651,N,
{0,0},1,1,2,2,8,E,"{Обработка.СогласованиеЗаказов.Форма.Форма(201)}: {Обработка.СогласованиеЗаказов.Форма.Форма(188)}: {Обработка.СогласованиеЗаказов.Форма.Форма(110)}: Значение не является значением объектного типа (Получить)",0,
{"U"},""},
{20090904223653,C,
{24081fdc81b50,b51b},1,1,2,2,5,I,"",0,
{"U"},""},
{20090904223653,U,
{24081fdc81b50,b51b},1,1,2,2,7,I,"",7,
{"R",3:9fb3001167558f6911de9981dea4ad4c},"Заказ 000000004 от 04.09.2009 22:36:53"},
{20090904223653,C,
{24081fdc81b50,b51b},1,1,2,2,6,I,"",0,
{"U"},""},
{20090904223653,N,
{0,0},1,1,2,2,8,E,"{Обработка.СогласованиеЗаказов.Форма.Форма(201)}: {Обработка.СогласованиеЗаказов.Форма.Форма(188)}: {Обработка.СогласованиеЗаказов.Форма.Форма(110)}: Значение не является значением объектного типа (Получить)",0,
{"U"},""},
{20090904223658,C,
{24081fdc8dea0,b7ee},1,1,2,2,5,I,"",0,
{"U"},""},
{20090904223658,U,
{24081fdc8dea0,b7ee},1,1,2,2,7,I,"",7,
{"R",3:9fb3001167558f6911de9981dea4ad4c},"Заказ 000000004 от 04.09.2009 22:36:58"},
{20090904223658,C,
{24081fdc8dea0,b7ee},1,1,2,2,6,I,"",0,
{"U"},""},
{20090904223658,N,
{0,0},1,1,2,2,8,E,"{Обработка.СогласованиеЗаказов.Форма.Форма(201)}: {Обработка.СогласованиеЗаказов.Форма.Форма(188)}: {Обработка.СогласованиеЗаказов.Форма.Форма(110)}: Значение не является значением объектного типа (Получить)",0,
{"U"},""},
{20090904223700,C,
{24081fdc92cc0,bac1},1,1,2,2,5,I,"",0,
{"U"},""},
{20090904223700,U,
{24081fdc92cc0,bac1},1,1,2,2,7,I,"",7,
{"R",3:9fb3001167558f6911de9981dea4ad4c},"Заказ 000000004 от 04.09.2009 22:37:00"},
{20090904223700,C,
{24081fdc92cc0,bac1},1,1,2,2,6,I,"",0,
{"U"},""},
{20090904223713,C,
{24081fdcb2890,bbe9},1,1,2,2,5,I,"",0,
{"U"},""},
{20090904223713,U,
{24081fdcb2890,bbe9},1,1,2,2,10,I,"",7,
{"R",3:9fb3001167558f6911de9981dea4ad4c},"Заказ 000000004 от 04.09.2009 22:37:00"},
{20090904223713,C,
{24081fdcb2890,bbe9},1,1,2,2,6,I,"",0,
{"U"},""},
{20090904223822,C,
{24081fdd5afe0,bd12},1,1,2,2,5,I,"",0,
{"U"},""},
{20090904223822,U,
{24081fdd5afe0,bd12},1,1,2,2,9,I,"",7,
{"R",3:9fb3001167558f6911de9981dea4ad4d},"Заказ 000000001 от 04.09.2009 22:38:22"},
{20090904223822,C,
{24081fdd5afe0,bd12},1,1,2,2,6,I,"",0,
{"U"},""},
{20090904223857,C,
{24081fddb0710,be3a},1,1,2,2,5,I,"",0,
{"U"},""},
{20090904223857,U,
{24081fddb0710,be3a},1,1,2,2,7,I,"",7,
{"R",3:9fb3001167558f6911de9981dea4ad4d},"Заказ 000000001 от 04.09.2009 22:38:57"},
{20090904223857,C,
{24081fddb0710,be3a},1,1,2,2,6,I,"",0,
{"U"},""},
{20090904224500,C,
{24081fe126ac0,bf62},1,1,2,2,5,I,"",0,
{"U"},""},
{20090904224500,U,
{24081fe126ac0,bf62},1,1,2,2,10,I,"",7,
{"R",3:9fb3001167558f6911de9981dea4ad4d},"Заказ 000000001 от 04.09.2009 22:38:57"},
{20090904224500,C,
{24081fe126ac0,bf62},1,1,2,2,6,I,"",0,
{"U"},""},
{20090904224559,N,
{0,0},1,1,2,2,8,E,"{Обработка.СогласованиеЗаказов.Форма.Форма(272)}: {Обработка.СогласованиеЗаказов.Форма.Форма(211)}: Значение не является значением объектного типа (ПолучитьОбъект)",0,
{"U"},""},
{20090904224828,C,
{24081fe3227c0,c1ea},1,1,2,2,5,I,"",0,
{"U"},""},
{20090904224828,U,
{24081fe3227c0,c1ea},1,1,2,2,9,I,"",7,
{"R",3:9fb3001167558f6911de9981dea4ad4e},"Заказ 000000001 от 04.09.2009 22:48:28"},
{20090904224828,C,
{24081fe3227c0,c1ea},1,1,2,2,6,I,"",0,
{"U"},""},
{20090904224833,C,
{24081fe32eb10,c312},1,1,2,2,5,I,"",0,
{"U"},""},
{20090904224833,U,
{24081fe32eb10,c312},1,1,2,2,7,I,"",7,
{"R",3:9fb3001167558f6911de9981dea4ad4e},"Заказ 000000001 от 04.09.2009 22:48:33"},
{20090904224833,U,
{24081fe32eb10,c312},1,1,2,2,12,I,"",7,
{"R",3:9fb3001167558f6911de9981dea4ad4e},"Заказ 000000001 от 04.09.2009 22:48:33"},
{20090904224833,C,
{24081fe32eb10,c312},1,1,2,2,6,I,"",0,
{"U"},""},
{20090904224909,C,
{24081fe386950,c4d3},1,1,2,2,5,I,"",0,
{"U"},""},
{20090904224909,U,
{24081fe386950,c4d3},1,1,2,2,7,I,"",7,
{"R",3:9fb3001167558f6911de9981dea4ad4e},"Заказ 000000001 от 04.09.2009 22:49:09"},
{20090904224909,U,
{24081fe386950,c4d3},1,1,2,2,12,I,"",7,
{"R",3:9fb3001167558f6911de9981dea4ad4e},"Заказ 000000001 от 04.09.2009 22:49:09"},
{20090904224909,C,
{24081fe386950,c4d3},1,1,2,2,6,I,"",0,
{"U"},""},
{20090904224911,C,
{24081fe38b770,c694},1,1,2,2,5,I,"",0,
{"U"},""},
{20090904224911,U,
{24081fe38b770,c694},1,1,2,2,7,I,"",7,
{"R",3:9fb3001167558f6911de9981dea4ad4e},"Заказ 000000001 от 04.09.2009 22:49:11"},
{20090904224911,U,
{24081fe38b770,c694},1,1,2,2,12,I,"",7,
{"R",3:9fb3001167558f6911de9981dea4ad4e},"Заказ 000000001 от 04.09.2009 22:49:11"},
{20090904224911,C,
{24081fe38b770,c694},1,1,2,2,6,I,"",0,
{"U"},""},
{20090904224956,C,
{24081fe3f9540,c855},1,1,2,2,5,I,"",0,
{"U"},""},
{20090904224956,U,
{24081fe3f9540,c855},1,1,2,2,7,I,"",7,
{"R",3:9fb3001167558f6911de9981dea4ad4e},"Заказ 000000001 от 04.09.2009 22:49:56"},
{20090904224956,U,
{24081fe3f9540,c855},1,1,2,2,12,I,"",7,
{"R",3:9fb3001167558f6911de9981dea4ad4e},"Заказ 000000001 от 04.09.2009 22:49:56"},
{20090904224956,C,
{24081fe3f9540,c855},1,1,2,2,6,I,"",0,
{"U"},""},
{20090904224958,C,
{24081fe3fe360,ca16},1,1,2,2,5,I,"",0,
{"U"},""},
{20090904224958,U,
{24081fe3fe360,ca16},1,1,2,2,7,I,"",7,
{"R",3:9fb3001167558f6911de9981dea4ad4e},"Заказ 000000001 от 04.09.2009 22:49:58"},
{20090904224958,U,
{24081fe3fe360,ca16},1,1,2,2,12,I,"",7,
{"R",3:9fb3001167558f6911de9981dea4ad4e},"Заказ 000000001 от 04.09.2009 22:49:58"},
{20090904224958,C,
{24081fe3fe360,ca16},1,1,2,2,6,I,"",0,
{"U"},""},
{20090904225116,C,
{24081fe4bca40,cbd7},1,1,2,2,5,I,"",0,
{"U"},""},
{20090904225116,U,
{24081fe4bca40,cbd7},1,1,2,2,7,I,"",7,
{"R",3:9fb3001167558f6911de9981dea4ad4e},"Заказ 000000001 от 04.09.2009 22:49:58"},
{20090904225116,U,
{24081fe4bca40,cbd7},1,1,2,2,13,I,"",7,
{"R",3:9fb3001167558f6911de9981dea4ad4e},"Заказ 000000001 от 04.09.2009 22:49:58"},
{20090904225116,C,
{24081fe4bca40,cbd7},1,1,2,2,6,I,"",0,
{"U"},""},
{20090904225219,C,
{24081fe556730,cd98},1,1,2,2,5,I,"",0,
{"U"},""},
{20090904225219,U,
{24081fe556730,cd98},1,1,2,2,10,I,"",7,
{"R",3:9fb3001167558f6911de9981dea4ad4e},"Заказ 000000001 от 04.09.2009 22:49:58"},
{20090904225219,C,
{24081fe556730,cd98},1,1,2,2,6,I,"",0,
{"U"},""},
{20090904225328,C,
{24081fe5fee80,cec1},1,1,2,2,5,I,"",0,
{"U"},""},
{20090904225328,U,
{24081fe5fee80,cec1},1,1,2,2,9,I,"",7,
{"R",3:9fb3001167558f6911de9981dea4ad4f},"Заказ 000000001 от 04.09.2009 22:53:28"},
{20090904225328,C,
{24081fe5fee80,cec1},1,1,2,2,6,I,"",0,
{"U"},""},
{20090904225328,N,
{0,0},1,1,2,2,8,E,"{Обработка.СогласованиеЗаказов.Форма.Форма(201)}: {Обработка.СогласованиеЗаказов.Форма.Форма(188)}: {Обработка.СогласованиеЗаказов.Форма.Форма(110)}: Значение не является значением объектного типа (Получить)",0,
{"U"},""},
{20090904225356,C,
{24081fe643440,d194},1,1,2,2,5,I,"",0,
{"U"},""},
{20090904225356,U,
{24081fe643440,d194},1,1,2,2,7,I,"",7,
{"R",3:9fb3001167558f6911de9981dea4ad4f},"Заказ 000000001 от 04.09.2009 22:53:56"},
{20090904225356,C,
{24081fe643440,d194},1,1,2,2,6,I,"",0,
{"U"},""},
{20090904225356,N,
{0,0},1,1,2,2,8,E,"{Обработка.СогласованиеЗаказов.Форма.Форма(201)}: {Обработка.СогласованиеЗаказов.Форма.Форма(188)}: {Обработка.СогласованиеЗаказов.Форма.Форма(110)}: Значение не является значением объектного типа (Получить)",0,
{"U"},""},
{20090904225411,C,
{24081fe667e30,d467},1,1,2,2,5,I,"",0,
{"U"},""},
{20090904225411,U,
{24081fe667e30,d467},1,1,2,2,7,I,"",7,
{"R",3:9fb3001167558f6911de9981dea4ad4f},"Заказ 000000001 от 04.09.2009 22:54:11"},
{20090904225411,C,
{24081fe667e30,d467},1,1,2,2,6,I,"",0,
{"U"},""},
{20090904225411,N,
{0,0},1,1,2,2,8,E,"{Обработка.СогласованиеЗаказов.Форма.Форма(201)}: {Обработка.СогласованиеЗаказов.Форма.Форма(188)}: {Обработка.СогласованиеЗаказов.Форма.Форма(110)}: Значение не является значением объектного типа (Получить)",0,
{"U"},""},
{20090904225415,C,
{24081fe671a70,d73a},1,1,2,2,5,I,"",0,
{"U"},""},
{20090904225415,U,
{24081fe671a70,d73a},1,1,2,2,7,I,"",7,
{"R",3:9fb3001167558f6911de9981dea4ad4f},"Заказ 000000001 от 04.09.2009 22:54:15"},
{20090904225415,C,
{24081fe671a70,d73a},1,1,2,2,6,I,"",0,
{"U"},""},
{20090904225415,N,
{0,0},1,1,2,2,8,E,"{Обработка.СогласованиеЗаказов.Форма.Форма(201)}: {Обработка.СогласованиеЗаказов.Форма.Форма(188)}: {Обработка.СогласованиеЗаказов.Форма.Форма(110)}: Значение не является значением объектного типа (Получить)",0,
{"U"},""},
{20090904225437,C,
{24081fe6a75d0,da0d},1,1,2,2,5,I,"",0,
{"U"},""},
{20090904225437,U,
{24081fe6a75d0,da0d},1,1,2,2,10,I,"",7,
{"R",3:9fb3001167558f6911de9981dea4ad4f},"Заказ 000000001 от 04.09.2009 22:54:15"},
{20090904225437,C,
{24081fe6a75d0,da0d},1,1,2,2,6,I,"",0,
{"U"},""},
{20090904225454,C,
{24081fe6d0de0,db36},1,1,2,2,5,I,"",0,
{"U"},""},
{20090904225454,U,
{24081fe6d0de0,db36},1,1,2,2,9,I,"",7,
{"R",3:9fb3001167558f6911de9981dea4ad50},"Заказ 000000001 от 04.09.2009 22:54:54"},
{20090904225454,C,
{24081fe6d0de0,db36},1,1,2,2,6,I,"",0,
{"U"},""},
{20090904225454,N,
{0,0},1,1,2,2,8,E,"{Обработка.СогласованиеЗаказов.Форма.Форма(201)}: {Обработка.СогласованиеЗаказов.Форма.Форма(188)}: {Обработка.СогласованиеЗаказов.Форма.Форма(110)}: Значение не является значением объектного типа (Получить)",0,
{"U"},""},
{20090904225508,C,
{24081fe6f30c0,de09},1,1,2,2,5,I,"",0,
{"U"},""},
{20090904225508,U,
{24081fe6f30c0,de09},1,1,2,2,7,I,"",7,
{"R",3:9fb3001167558f6911de9981dea4ad50},"Заказ 000000001 от 04.09.2009 22:55:08"},
{20090904225508,C,
{24081fe6f30c0,de09},1,1,2,2,6,I,"",0,
{"U"},""},
{20090904225508,N,
{0,0},1,1,2,2,8,E,"{Обработка.СогласованиеЗаказов.Форма.Форма(201)}: {Обработка.СогласованиеЗаказов.Форма.Форма(188)}: {Обработка.СогласованиеЗаказов.Форма.Форма(110)}: Значение не является значением объектного типа (Получить)",0,
{"U"},""},
{20090904225513,C,
{24081fe6ff410,e0dc},1,1,2,2,5,I,"",0,
{"U"},""},
{20090904225513,U,
{24081fe6ff410,e0dc},1,1,2,2,7,I,"",7,
{"R",3:9fb3001167558f6911de9981dea4ad50},"Заказ 000000001 от 04.09.2009 22:55:13"},
{20090904225513,C,
{24081fe6ff410,e0dc},1,1,2,2,6,I,"",0,
{"U"},""},
{20090904225547,C,
{24081fe752430,e204},1,1,2,2,5,I,"",0,
{"U"},""},
{20090904225547,U,
{24081fe752430,e204},1,1,2,2,7,I,"",7,
{"R",3:9fb3001167558f6911de9981dea4ad50},"Заказ 000000001 от 04.09.2009 22:55:47"},
{20090904225547,C,
{24081fe752430,e204},1,1,2,2,6,I,"",0,
{"U"},""},
{20090904225602,N,
{0,0},1,1,2,2,4,I,"",0,
{"U"},""},
{20090904225622,N,
{0,0},1,1,1,1,4,I,"",0,
{"U"},""},
{20090905180234,N,
{0,0},1,1,1,1,1,I,"",0,
{"U"},""},
{20090905180259,N,
{0,0},1,1,2,2,1,I,"",0,
{"U"},""},
{20090905180315,C,
{24082277e8330,e410},1,1,2,2,5,I,"",0,
{"U"},""},
{20090905180315,U,
{24082277e8330,e410},1,1,2,2,10,I,"",7,
{"R",3:9fb3001167558f6911de9981dea4ad50},"Заказ 000000001 от 04.09.2009 22:55:47"},
{20090905180315,C,
{24082277e8330,e410},1,1,2,2,6,I,"",0,
{"U"},""},
{20090905180744,C,
{2408227a78f00,e539},1,1,2,2,5,I,"",0,
{"U"},""},
{20090905180744,U,
{2408227a78f00,e539},1,1,2,2,9,I,"",7,
{"R",3:8c91001167558f6911de9a257adef953},"Заказ 000000002 от 05.09.2009 18:07:44"},
{20090905180744,C,
{2408227a78f00,e539},1,1,2,2,6,I,"",0,
{"U"},""},
{20090905180809,C,
{2408227ab5f90,e661},1,1,2,2,5,I,"",0,
{"U"},""},
{20090905180809,U,
{2408227ab5f90,e661},1,1,2,2,7,I,"",7,
{"R",3:8c91001167558f6911de9a257adef953},"Заказ 000000002 от 05.09.2009 18:07:44"},
{20090905180809,C,
{2408227ab5f90,e661},1,1,2,2,6,I,"",0,
{"U"},""},
{20090905181546,N,
{0,0},1,1,2,2,4,I,"",0,
{"U"},""},
{20090905181547,N,
{0,0},1,1,1,1,4,I,"",0,
{"U"},""}